#
# A fatal error has been detected by the Java Runtime Environment:
#
#  EXCEPTION_ACCESS_VIOLATION (0xc0000005) at pc=0x000000007461f03f, pid=17672, tid=13520
#
# JRE version: Java(TM) SE Runtime Environment (10.0.2+13) (build 10.0.2+13)
# Java VM: Java HotSpot(TM) 64-Bit Server VM (10.0.2+13, mixed mode, tiered, compressed oops, g1 gc, windows-amd64)
# Problematic frame:
# V  [jvm.dll+0x2cf03f]
#
# No core dump will be written. Minidumps are not enabled by default on client versions of Windows
#
# If you would like to submit a bug report, please visit:
#   http://bugreport.java.com/bugreport/crash.jsp
#

---------------  S U M M A R Y ------------

Command Line: -Dfile.encoding=Cp1252 main.Main

Host: Intel(R) Core(TM) i7-8750H CPU @ 2.20GHz, 12 cores, 15G,  Windows 10 , 64 bit Build 17134 (10.0.17134.753)
Time: Tue Jun 04 14:21:53 2019 West-Europa (zomertijd) elapsed time: 3275 seconds (0d 0h 54m 35s)

---------------  T H R E A D  ---------------

Current thread (0x00000180d66f0000):  ConcurrentGCThread "G1 Conc#0" [stack: 0x0000004120600000,0x0000004120700000] [id=13520]

Stack: [0x0000004120600000,0x0000004120700000],  sp=0x00000041206ff370,  free space=1020k
Native frames: (J=compiled Java code, j=interpreted, Vv=VM code, C=native code)
V  [jvm.dll+0x2cf03f]
V  [jvm.dll+0x2f5473]
V  [jvm.dll+0x2cf49c]
V  [jvm.dll+0x2caee6]
V  [jvm.dll+0x2cd7f8]
V  [jvm.dll+0x2cef2b]
V  [jvm.dll+0x2cdb7b]
V  [jvm.dll+0x2d0ef6]
V  [jvm.dll+0x6dffa0]
V  [jvm.dll+0x59f4b0]
C  [msvcr120.dll+0x24f7f]
C  [msvcr120.dll+0x25126]
C  [KERNEL32.DLL+0x14034]
C  [ntdll.dll+0x73691]


siginfo: EXCEPTION_ACCESS_VIOLATION (0xc0000005), reading address 0x0000000000000170


Register to memory mapping:

RIP=0x000000007461f03f jvm.dll
RAX=0x00000180d66944d0 is an unknown value
RBX=0x00000180d66a5580 is an unknown value
RCX=0x0000000000000014 is an unknown value
RDX=0x00000180d66ee5a0 is an unknown value
RSP=0x00000041206ff370 is an unknown value
RBP=0x00000041206ff538 is an unknown value
RSI=0x0000000000000020 is an unknown value
RDI=0x0000000021000008 is an unknown value
R8 =0x0000000000000000 is an unknown value
R9 =0x00000180dde20e80 is at begin+0 in a stub
StubRoutines::atomic_cmpxchg_long [0x00000180dde20e80, 0x00000180dde20e89[ (9 bytes)
R10=0x0000000000031800 is an unknown value
R11=0x00000180f2ab0000 is an unknown value
R12=0x00000007c01e8ad8 is pointing into metadata
R13=0x00000006c8811e38 is an oop
com.mysql.cj.jdbc.result.ResultSetImpl 
{0x00000006c8811e38} - klass: 'com/mysql/cj/jdbc/result/ResultSetImpl'
R14=0x00000007c01e8ad0 is pointing into metadata
R15=0x0000000000000000 is an unknown value


Registers:
RAX=0x00000180d66944d0, RBX=0x00000180d66a5580, RCX=0x0000000000000014, RDX=0x00000180d66ee5a0
RSP=0x00000041206ff370, RBP=0x00000041206ff538, RSI=0x0000000000000020, RDI=0x0000000021000008
R8 =0x0000000000000000, R9 =0x00000180dde20e80, R10=0x0000000000031800, R11=0x00000180f2ab0000
R12=0x00000007c01e8ad8, R13=0x00000006c8811e38, R14=0x00000007c01e8ad0, R15=0x0000000000000000
RIP=0x000000007461f03f, EFLAGS=0x0000000000010202

Top of Stack: (sp=0x00000041206ff370)
0x00000041206ff370:   00000180d66a5580 0000000000000020
0x00000041206ff380:   00000006c8811ca8 000000007461f06c
0x00000041206ff390:   000000000000001f 0000000074645473
0x00000041206ff3a0:   000000000000001c 00000006c8811f10
0x00000041206ff3b0:   0000000000000000 000000007463dedb
0x00000041206ff3c0:   00000041206ff518 00000180d66f1101
0x00000041206ff3d0:   0000000000000000 000000000000000c
0x00000041206ff3e0:   00000007c01e7298 000000007461f49c
0x00000041206ff3f0:   000000000000001c 00000041206ff538
0x00000041206ff400:   00000006c8811e38 00000007c0282710
0x00000041206ff410:   00000006c8811e38 000000007461aee6
0x00000041206ff420:   00000180d66a5580 0000000000c60000
0x00000041206ff430:   00000041206ff518 0000000000000000
0x00000041206ff440:   00000006c8811e38 000000007461d7f8
0x00000041206ff450:   0000000000c423c7 00000041206ff518
0x00000041206ff460:   00000041206ff490 0000000000c423c5 

Instructions: (pc=0x000000007461f03f)
0x000000007461f01f:   51 20 48 8b d9 48 8b 42 08 4c 8b c7 8b 88 10 03
0x000000007461f02f:   00 00 48 8b 80 00 03 00 00 49 d3 e8 4e 8b 04 c0
0x000000007461f03f:   49 3b b8 70 01 00 00 0f 83 b5 00 00 00 48 8b 82
0x000000007461f04f:   d8 00 00 00 48 8b d7 48 2b 10 8b 48 10 48 c1 ea 



---------------  P R O C E S S  ---------------

Threads class SMR info:
_java_thread_list=0x000001808475a470, length=21, elements={
0x00000180d666d000, 0x00000180fa05d800, 0x00000180fa05e000, 0x00000180fa09a800,
0x00000180fa09b800, 0x00000180fa0a4000, 0x00000180fa0ae000, 0x00000180fa0b8000,
0x00000180fa0b9800, 0x00000180fa0e6800, 0x00000180fa290000, 0x00000180fa2df000,
0x00000180fa316000, 0x00000180fa8f0000, 0x00000180fa970000, 0x00000180fa972000,
0x0000018084036800, 0x0000018084347800, 0x0000018084b74800, 0x0000018085598800,
0x0000018084756000
}

Java Threads: ( => current thread )
  0x00000180d666d000 JavaThread "main" [_thread_blocked, id=15920, stack(0x000000411fa00000,0x000000411fb00000)]
  0x00000180fa05d800 JavaThread "Reference Handler" daemon [_thread_blocked, id=10360, stack(0x0000004121500000,0x0000004121600000)]
  0x00000180fa05e000 JavaThread "Finalizer" daemon [_thread_blocked, id=18276, stack(0x0000004121600000,0x0000004121700000)]
  0x00000180fa09a800 JavaThread "Signal Dispatcher" daemon [_thread_blocked, id=19284, stack(0x0000004121700000,0x0000004121800000)]
  0x00000180fa09b800 JavaThread "Attach Listener" daemon [_thread_blocked, id=14436, stack(0x0000004121800000,0x0000004121900000)]
  0x00000180fa0a4000 JavaThread "C2 CompilerThread0" daemon [_thread_blocked, id=11484, stack(0x0000004121900000,0x0000004121a00000)]
  0x00000180fa0ae000 JavaThread "C2 CompilerThread1" daemon [_thread_blocked, id=18192, stack(0x0000004121a00000,0x0000004121b00000)]
  0x00000180fa0b8000 JavaThread "C2 CompilerThread2" daemon [_thread_blocked, id=16680, stack(0x0000004121b00000,0x0000004121c00000)]
  0x00000180fa0b9800 JavaThread "C1 CompilerThread3" daemon [_thread_blocked, id=3040, stack(0x0000004121c00000,0x0000004121d00000)]
  0x00000180fa0e6800 JavaThread "Sweeper thread" daemon [_thread_blocked, id=10436, stack(0x0000004121d00000,0x0000004121e00000)]
  0x00000180fa290000 JavaThread "Service Thread" daemon [_thread_blocked, id=18972, stack(0x0000004121e00000,0x0000004121f00000)]
  0x00000180fa2df000 JavaThread "Common-Cleaner" daemon [_thread_blocked, id=17992, stack(0x0000004121f00000,0x0000004122000000)]
  0x00000180fa316000 JavaThread "JavaFX-Launcher" [_thread_blocked, id=10860, stack(0x0000004122100000,0x0000004122200000)]
  0x00000180fa8f0000 JavaThread "QuantumRenderer-0" daemon [_thread_blocked, id=18644, stack(0x0000004122200000,0x0000004122300000)]
  0x00000180fa970000 JavaThread "InvokeLaterDispatcher" daemon [_thread_blocked, id=6092, stack(0x0000004122400000,0x0000004122500000)]
  0x00000180fa972000 JavaThread "JavaFX Application Thread" [_thread_in_native, id=3512, stack(0x0000004122600000,0x0000004122700000)]
  0x0000018084036800 JavaThread "Thread-2" daemon [_thread_in_native, id=3864, stack(0x0000004122800000,0x0000004122900000)]
  0x0000018084347800 JavaThread "Java2D Disposer" daemon [_thread_blocked, id=3228, stack(0x0000004122900000,0x0000004122a00000)]
  0x0000018084b74800 JavaThread "mysql-cj-abandoned-connection-cleanup" daemon [_thread_blocked, id=21224, stack(0x0000004122a00000,0x0000004122b00000)]
  0x0000018085598800 JavaThread "Prism Font Disposer" daemon [_thread_blocked, id=7592, stack(0x0000004122b00000,0x0000004122c00000)]
  0x0000018084756000 JavaThread "Cleaner-0" daemon [_thread_blocked, id=17376, stack(0x0000004122e00000,0x0000004122f00000)]

Other Threads:
  0x00000180fa05b800 VMThread "VM Thread" [stack: 0x0000004121400000,0x0000004121500000] [id=6788]
  0x00000180fa2ec800 WatcherThread [stack: 0x0000004122000000,0x0000004122100000] [id=15860]
  0x00000180d6686000 GCTaskThread "GC Thread#0" [stack: 0x000000411fb00000,0x000000411fc00000] [id=19304]
  0x00000180d6687800 GCTaskThread "GC Thread#1" [stack: 0x000000411fc00000,0x000000411fd00000] [id=19044]
  0x00000180d668e000 GCTaskThread "GC Thread#2" [stack: 0x000000411fd00000,0x000000411fe00000] [id=1264]
  0x00000180d6693800 GCTaskThread "GC Thread#3" [stack: 0x000000411fe00000,0x000000411ff00000] [id=10128]
  0x00000180d6695000 GCTaskThread "GC Thread#4" [stack: 0x000000411ff00000,0x0000004120000000] [id=17648]
  0x00000180d6698800 GCTaskThread "GC Thread#5" [stack: 0x0000004120000000,0x0000004120100000] [id=10620]
  0x00000180d669a800 GCTaskThread "GC Thread#6" [stack: 0x0000004120100000,0x0000004120200000] [id=16416]
  0x00000180d669d000 GCTaskThread "GC Thread#7" [stack: 0x0000004120200000,0x0000004120300000] [id=18016]
  0x00000180d66a1000 GCTaskThread "GC Thread#8" [stack: 0x0000004120300000,0x0000004120400000] [id=19720]
  0x00000180d66a2800 GCTaskThread "GC Thread#9" [stack: 0x0000004120400000,0x0000004120500000] [id=9148]
  0x00000180d66ef000 ConcurrentGCThread "G1 Main Marker" [stack: 0x0000004120500000,0x0000004120600000] [id=11644]
=>0x00000180d66f0000 ConcurrentGCThread "G1 Conc#0" [stack: 0x0000004120600000,0x0000004120700000] [id=13520]
  0x00000180d66f1800 ConcurrentGCThread "G1 Conc#1" [stack: 0x0000004120700000,0x0000004120800000] [id=19876]
  0x00000180d66f8800 ConcurrentGCThread "G1 Conc#2" [stack: 0x0000004120800000,0x0000004120900000] [id=20404]
  0x00000180d674e800 ConcurrentGCThread "G1 Refine#0" [stack: 0x0000004120900000,0x0000004120a00000] [id=13304]
  0x00000180f6b59800 ConcurrentGCThread "G1 Refine#1" [stack: 0x0000004120a00000,0x0000004120b00000] [id=18948]
  0x00000180f6b5b800 ConcurrentGCThread "G1 Refine#2" [stack: 0x0000004120b00000,0x0000004120c00000] [id=8440]
  0x00000180f6b61000 ConcurrentGCThread "G1 Refine#3" [stack: 0x0000004120c00000,0x0000004120d00000] [id=19160]
  0x00000180f6b62800 ConcurrentGCThread "G1 Refine#4" [stack: 0x0000004120d00000,0x0000004120e00000] [id=16136]
  0x00000180f6b65000 ConcurrentGCThread "G1 Refine#5" [stack: 0x0000004120e00000,0x0000004120f00000] [id=7636]
  0x00000180f6b66000 ConcurrentGCThread "G1 Refine#6" [stack: 0x0000004120f00000,0x0000004121000000] [id=17972]
  0x00000180f6b72800 ConcurrentGCThread "G1 Refine#7" [stack: 0x0000004121000000,0x0000004121100000] [id=14292]
  0x00000180f6b75000 ConcurrentGCThread "G1 Refine#8" [stack: 0x0000004121100000,0x0000004121200000] [id=7508]
  0x00000180f6b76000 ConcurrentGCThread "G1 Refine#9" [stack: 0x0000004121200000,0x0000004121300000] [id=17868]
  0x00000180f6b77800 ConcurrentGCThread "G1 Young RemSet Sampling" [stack: 0x0000004121300000,0x0000004121400000] [id=15540]

Threads with active compile tasks:

VM state:not at safepoint (normal execution)

VM Mutex/Monitor currently owned by a thread: None

Heap address: 0x00000006c2600000, size: 4058 MB, Compressed Oops mode: Zero based, Oop shift amount: 3
Narrow klass base: 0x0000000000000000, Narrow klass shift: 3
Compressed class space size: 1073741824 Address: 0x00000007c0000000

Heap:
 garbage-first heap   total 272384K, used 257703K [0x00000006c2600000, 0x00000007c0000000)
  region size 1024K, 3 young (3072K), 2 survivors (2048K)
 Metaspace       used 29876K, capacity 30757K, committed 31280K, reserved 1077248K
  class space    used 3644K, capacity 4076K, committed 4144K, reserved 1048576K
Heap Regions: E=young(eden), S=young(survivor), O=old, HS=humongous(starts), HC=humongous(continues), CS=collection set, F=free, A=archive, TS=gc time stamp, AC=allocation context, TAMS=top-at-mark-start (previous, next)
|   0|0x00000006c2600000, 0x00000006c2700000, 0x00000006c2700000|100%| O|  |TS  0|AC  0|TAMS 0x00000006c2700000, 0x00000006c2700000|
|   1|0x00000006c2700000, 0x00000006c2800000, 0x00000006c2800000|100%| O|  |TS  0|AC  0|TAMS 0x00000006c2800000, 0x00000006c2800000|
|   2|0x00000006c2800000, 0x00000006c2900000, 0x00000006c2900000|100%| O|  |TS  0|AC  0|TAMS 0x00000006c2900000, 0x00000006c2900000|
|   3|0x00000006c2900000, 0x00000006c2a00000, 0x00000006c2a00000|100%| O|  |TS  0|AC  0|TAMS 0x00000006c2a00000, 0x00000006c2a00000|
|   4|0x00000006c2a00000, 0x00000006c2b00000, 0x00000006c2b00000|100%| O|  |TS  0|AC  0|TAMS 0x00000006c2b00000, 0x00000006c2b00000|
|   5|0x00000006c2b00000, 0x00000006c2c00000, 0x00000006c2c00000|100%| O|  |TS  0|AC  0|TAMS 0x00000006c2c00000, 0x00000006c2c00000|
|   6|0x00000006c2c00000, 0x00000006c2d00000, 0x00000006c2d00000|100%| O|  |TS  0|AC  0|TAMS 0x00000006c2d00000, 0x00000006c2d00000|
|   7|0x00000006c2d00000, 0x00000006c2e00000, 0x00000006c2e00000|100%| O|  |TS  0|AC  0|TAMS 0x00000006c2e00000, 0x00000006c2e00000|
|   8|0x00000006c2e00000, 0x00000006c2f00000, 0x00000006c2f00000|100%| O|  |TS  0|AC  0|TAMS 0x00000006c2f00000, 0x00000006c2f00000|
|   9|0x00000006c2f00000, 0x00000006c3000000, 0x00000006c3000000|100%| O|  |TS  0|AC  0|TAMS 0x00000006c3000000, 0x00000006c3000000|
|  10|0x00000006c3000000, 0x00000006c3100000, 0x00000006c3100000|100%| O|  |TS  0|AC  0|TAMS 0x00000006c3100000, 0x00000006c3100000|
|  11|0x00000006c3100000, 0x00000006c3200000, 0x00000006c3200000|100%| O|  |TS  0|AC  0|TAMS 0x00000006c3200000, 0x00000006c3200000|
|  12|0x00000006c3200000, 0x00000006c3300000, 0x00000006c3300000|100%| O|  |TS  0|AC  0|TAMS 0x00000006c3300000, 0x00000006c3300000|
|  13|0x00000006c3300000, 0x00000006c3400000, 0x00000006c3400000|100%| O|  |TS  0|AC  0|TAMS 0x00000006c3400000, 0x00000006c3400000|
|  14|0x00000006c3400000, 0x00000006c3500000, 0x00000006c3500000|100%|HS|  |TS  0|AC  0|TAMS 0x00000006c3500000, 0x00000006c3500000|
|  15|0x00000006c3500000, 0x00000006c3600000, 0x00000006c3600000|100%|HC|  |TS  0|AC  0|TAMS 0x00000006c3600000, 0x00000006c3600000|
|  16|0x00000006c3600000, 0x00000006c3700000, 0x00000006c3700000|100%| O|  |TS  0|AC  0|TAMS 0x00000006c3700000, 0x00000006c3700000|
|  17|0x00000006c3700000, 0x00000006c3800000, 0x00000006c3800000|100%| O|  |TS  0|AC  0|TAMS 0x00000006c3800000, 0x00000006c3800000|
|  18|0x00000006c3800000, 0x00000006c3900000, 0x00000006c3900000|100%| O|  |TS  0|AC  0|TAMS 0x00000006c3900000, 0x00000006c3900000|
|  19|0x00000006c3900000, 0x00000006c3a00000, 0x00000006c3a00000|100%| O|  |TS  0|AC  0|TAMS 0x00000006c3a00000, 0x00000006c3a00000|
|  20|0x00000006c3a00000, 0x00000006c3b00000, 0x00000006c3b00000|100%| O|  |TS  0|AC  0|TAMS 0x00000006c3b00000, 0x00000006c3b00000|
|  21|0x00000006c3b00000, 0x00000006c3c00000, 0x00000006c3c00000|100%| O|  |TS  0|AC  0|TAMS 0x00000006c3c00000, 0x00000006c3c00000|
|  22|0x00000006c3c00000, 0x00000006c3d00000, 0x00000006c3d00000|100%| O|  |TS  0|AC  0|TAMS 0x00000006c3d00000, 0x00000006c3d00000|
|  23|0x00000006c3d00000, 0x00000006c3e00000, 0x00000006c3e00000|100%| O|  |TS  0|AC  0|TAMS 0x00000006c3e00000, 0x00000006c3e00000|
|  24|0x00000006c3e00000, 0x00000006c3f00000, 0x00000006c3f00000|100%| O|  |TS  0|AC  0|TAMS 0x00000006c3f00000, 0x00000006c3f00000|
|  25|0x00000006c3f00000, 0x00000006c4000000, 0x00000006c4000000|100%| O|  |TS  0|AC  0|TAMS 0x00000006c4000000, 0x00000006c4000000|
|  26|0x00000006c4000000, 0x00000006c4100000, 0x00000006c4100000|100%| O|  |TS  0|AC  0|TAMS 0x00000006c4100000, 0x00000006c4100000|
|  27|0x00000006c4100000, 0x00000006c4200000, 0x00000006c4200000|100%| O|  |TS  0|AC  0|TAMS 0x00000006c4200000, 0x00000006c4200000|
|  28|0x00000006c4200000, 0x00000006c4300000, 0x00000006c4300000|100%| O|  |TS  0|AC  0|TAMS 0x00000006c4300000, 0x00000006c4300000|
|  29|0x00000006c4300000, 0x00000006c4400000, 0x00000006c4400000|100%| O|  |TS  0|AC  0|TAMS 0x00000006c4400000, 0x00000006c4400000|
|  30|0x00000006c4400000, 0x00000006c4500000, 0x00000006c4500000|100%| O|  |TS  0|AC  0|TAMS 0x00000006c4500000, 0x00000006c4500000|
|  31|0x00000006c4500000, 0x00000006c4600000, 0x00000006c4600000|100%| O|  |TS  0|AC  0|TAMS 0x00000006c4600000, 0x00000006c4600000|
|  32|0x00000006c4600000, 0x00000006c4700000, 0x00000006c4700000|100%| O|  |TS  0|AC  0|TAMS 0x00000006c4700000, 0x00000006c4700000|
|  33|0x00000006c4700000, 0x00000006c4800000, 0x00000006c4800000|100%| O|  |TS  0|AC  0|TAMS 0x00000006c4800000, 0x00000006c4800000|
|  34|0x00000006c4800000, 0x00000006c4900000, 0x00000006c4900000|100%| O|  |TS  0|AC  0|TAMS 0x00000006c4900000, 0x00000006c4900000|
|  35|0x00000006c4900000, 0x00000006c4a00000, 0x00000006c4a00000|100%| O|  |TS  0|AC  0|TAMS 0x00000006c4a00000, 0x00000006c4a00000|
|  36|0x00000006c4a00000, 0x00000006c4b00000, 0x00000006c4b00000|100%| O|  |TS  0|AC  0|TAMS 0x00000006c4b00000, 0x00000006c4b00000|
|  37|0x00000006c4b00000, 0x00000006c4c00000, 0x00000006c4c00000|100%| O|  |TS  0|AC  0|TAMS 0x00000006c4c00000, 0x00000006c4c00000|
|  38|0x00000006c4c00000, 0x00000006c4d00000, 0x00000006c4d00000|100%| O|  |TS  0|AC  0|TAMS 0x00000006c4d00000, 0x00000006c4d00000|
|  39|0x00000006c4d00000, 0x00000006c4e00000, 0x00000006c4e00000|100%| O|  |TS  0|AC  0|TAMS 0x00000006c4e00000, 0x00000006c4e00000|
|  40|0x00000006c4e00000, 0x00000006c4f00000, 0x00000006c4f00000|100%| O|  |TS  0|AC  0|TAMS 0x00000006c4f00000, 0x00000006c4f00000|
|  41|0x00000006c4f00000, 0x00000006c5000000, 0x00000006c5000000|100%| O|  |TS  0|AC  0|TAMS 0x00000006c5000000, 0x00000006c5000000|
|  42|0x00000006c5000000, 0x00000006c5100000, 0x00000006c5100000|100%| O|  |TS  0|AC  0|TAMS 0x00000006c5100000, 0x00000006c5100000|
|  43|0x00000006c5100000, 0x00000006c5200000, 0x00000006c5200000|100%| O|  |TS  0|AC  0|TAMS 0x00000006c5200000, 0x00000006c5200000|
|  44|0x00000006c5200000, 0x00000006c5300000, 0x00000006c5300000|100%| O|  |TS  0|AC  0|TAMS 0x00000006c5300000, 0x00000006c5300000|
|  45|0x00000006c5300000, 0x00000006c5400000, 0x00000006c5400000|100%| O|  |TS  0|AC  0|TAMS 0x00000006c5400000, 0x00000006c5400000|
|  46|0x00000006c5400000, 0x00000006c5500000, 0x00000006c5500000|100%| O|  |TS  0|AC  0|TAMS 0x00000006c5500000, 0x00000006c5500000|
|  47|0x00000006c5500000, 0x00000006c5600000, 0x00000006c5600000|100%| O|  |TS  0|AC  0|TAMS 0x00000006c5600000, 0x00000006c5600000|
|  48|0x00000006c5600000, 0x00000006c5700000, 0x00000006c5700000|100%| O|  |TS  0|AC  0|TAMS 0x00000006c5700000, 0x00000006c5700000|
|  49|0x00000006c5700000, 0x00000006c5800000, 0x00000006c5800000|100%| O|  |TS  0|AC  0|TAMS 0x00000006c5800000, 0x00000006c5800000|
|  50|0x00000006c5800000, 0x00000006c5900000, 0x00000006c5900000|100%| O|  |TS  0|AC  0|TAMS 0x00000006c5900000, 0x00000006c5900000|
|  51|0x00000006c5900000, 0x00000006c5a00000, 0x00000006c5a00000|100%| O|  |TS  0|AC  0|TAMS 0x00000006c5a00000, 0x00000006c5a00000|
|  52|0x00000006c5a00000, 0x00000006c5b00000, 0x00000006c5b00000|100%| O|  |TS  0|AC  0|TAMS 0x00000006c5b00000, 0x00000006c5b00000|
|  53|0x00000006c5b00000, 0x00000006c5c00000, 0x00000006c5c00000|100%| O|  |TS  0|AC  0|TAMS 0x00000006c5c00000, 0x00000006c5c00000|
|  54|0x00000006c5c00000, 0x00000006c5d00000, 0x00000006c5d00000|100%| O|  |TS  0|AC  0|TAMS 0x00000006c5d00000, 0x00000006c5d00000|
|  55|0x00000006c5d00000, 0x00000006c5e00000, 0x00000006c5e00000|100%| O|  |TS  0|AC  0|TAMS 0x00000006c5e00000, 0x00000006c5e00000|
|  56|0x00000006c5e00000, 0x00000006c5f00000, 0x00000006c5f00000|100%| O|  |TS  0|AC  0|TAMS 0x00000006c5f00000, 0x00000006c5f00000|
|  57|0x00000006c5f00000, 0x00000006c6000000, 0x00000006c6000000|100%| O|  |TS  0|AC  0|TAMS 0x00000006c6000000, 0x00000006c6000000|
|  58|0x00000006c6000000, 0x00000006c6100000, 0x00000006c6100000|100%| O|  |TS  0|AC  0|TAMS 0x00000006c6100000, 0x00000006c6100000|
|  59|0x00000006c6100000, 0x00000006c6200000, 0x00000006c6200000|100%| O|  |TS  0|AC  0|TAMS 0x00000006c6200000, 0x00000006c6200000|
|  60|0x00000006c6200000, 0x00000006c6300000, 0x00000006c6300000|100%| O|  |TS  0|AC  0|TAMS 0x00000006c6300000, 0x00000006c6300000|
|  61|0x00000006c6300000, 0x00000006c6400000, 0x00000006c6400000|100%| O|  |TS  0|AC  0|TAMS 0x00000006c6400000, 0x00000006c6400000|
|  62|0x00000006c6400000, 0x00000006c6500000, 0x00000006c6500000|100%| O|  |TS  0|AC  0|TAMS 0x00000006c6500000, 0x00000006c6500000|
|  63|0x00000006c6500000, 0x00000006c6600000, 0x00000006c6600000|100%| O|  |TS  0|AC  0|TAMS 0x00000006c6600000, 0x00000006c6600000|
|  64|0x00000006c6600000, 0x00000006c6700000, 0x00000006c6700000|100%| O|  |TS  0|AC  0|TAMS 0x00000006c6700000, 0x00000006c6700000|
|  65|0x00000006c6700000, 0x00000006c6800000, 0x00000006c6800000|100%| O|  |TS  0|AC  0|TAMS 0x00000006c6800000, 0x00000006c6800000|
|  66|0x00000006c6800000, 0x00000006c6900000, 0x00000006c6900000|100%| O|  |TS  0|AC  0|TAMS 0x00000006c6900000, 0x00000006c6900000|
|  67|0x00000006c6900000, 0x00000006c6a00000, 0x00000006c6a00000|100%| O|  |TS  0|AC  0|TAMS 0x00000006c6a00000, 0x00000006c6a00000|
|  68|0x00000006c6a00000, 0x00000006c6b00000, 0x00000006c6b00000|100%| O|  |TS  0|AC  0|TAMS 0x00000006c6b00000, 0x00000006c6b00000|
|  69|0x00000006c6b00000, 0x00000006c6c00000, 0x00000006c6c00000|100%| O|  |TS  0|AC  0|TAMS 0x00000006c6c00000, 0x00000006c6c00000|
|  70|0x00000006c6c00000, 0x00000006c6d00000, 0x00000006c6d00000|100%| O|  |TS  0|AC  0|TAMS 0x00000006c6d00000, 0x00000006c6d00000|
|  71|0x00000006c6d00000, 0x00000006c6e00000, 0x00000006c6e00000|100%| O|  |TS  0|AC  0|TAMS 0x00000006c6e00000, 0x00000006c6e00000|
|  72|0x00000006c6e00000, 0x00000006c6f00000, 0x00000006c6f00000|100%| O|  |TS  0|AC  0|TAMS 0x00000006c6f00000, 0x00000006c6f00000|
|  73|0x00000006c6f00000, 0x00000006c7000000, 0x00000006c7000000|100%| O|  |TS  0|AC  0|TAMS 0x00000006c7000000, 0x00000006c7000000|
|  74|0x00000006c7000000, 0x00000006c7100000, 0x00000006c7100000|100%| O|  |TS  0|AC  0|TAMS 0x00000006c7100000, 0x00000006c7100000|
|  75|0x00000006c7100000, 0x00000006c7200000, 0x00000006c7200000|100%| O|  |TS  0|AC  0|TAMS 0x00000006c7200000, 0x00000006c7200000|
|  76|0x00000006c7200000, 0x00000006c7300000, 0x00000006c7300000|100%| O|  |TS  0|AC  0|TAMS 0x00000006c7300000, 0x00000006c7300000|
|  77|0x00000006c7300000, 0x00000006c7400000, 0x00000006c7400000|100%| O|  |TS  0|AC  0|TAMS 0x00000006c7400000, 0x00000006c7400000|
|  78|0x00000006c7400000, 0x00000006c7500000, 0x00000006c7500000|100%| O|  |TS  0|AC  0|TAMS 0x00000006c7500000, 0x00000006c7500000|
|  79|0x00000006c7500000, 0x00000006c7600000, 0x00000006c7600000|100%| O|  |TS  0|AC  0|TAMS 0x00000006c7600000, 0x00000006c7600000|
|  80|0x00000006c7600000, 0x00000006c7700000, 0x00000006c7700000|100%| O|  |TS  0|AC  0|TAMS 0x00000006c7700000, 0x00000006c7700000|
|  81|0x00000006c7700000, 0x00000006c7793600, 0x00000006c7800000| 57%| O|  |TS  2|AC  0|TAMS 0x00000006c7700000, 0x00000006c7793600|
|  82|0x00000006c7800000, 0x00000006c7900000, 0x00000006c7900000|100%| O|  |TS  0|AC  0|TAMS 0x00000006c7900000, 0x00000006c7900000|
|  83|0x00000006c7900000, 0x00000006c7a00000, 0x00000006c7a00000|100%| O|  |TS  0|AC  0|TAMS 0x00000006c7a00000, 0x00000006c7a00000|
|  84|0x00000006c7a00000, 0x00000006c7b00000, 0x00000006c7b00000|100%| O|  |TS  0|AC  0|TAMS 0x00000006c7b00000, 0x00000006c7b00000|
|  85|0x00000006c7b00000, 0x00000006c7c00000, 0x00000006c7c00000|100%| O|  |TS  0|AC  0|TAMS 0x00000006c7c00000, 0x00000006c7c00000|
|  86|0x00000006c7c00000, 0x00000006c7d00000, 0x00000006c7d00000|100%| O|  |TS  0|AC  0|TAMS 0x00000006c7d00000, 0x00000006c7d00000|
|  87|0x00000006c7d00000, 0x00000006c7e00000, 0x00000006c7e00000|100%| O|  |TS  0|AC  0|TAMS 0x00000006c7e00000, 0x00000006c7e00000|
|  88|0x00000006c7e00000, 0x00000006c7f00000, 0x00000006c7f00000|100%| O|  |TS  0|AC  0|TAMS 0x00000006c7f00000, 0x00000006c7f00000|
|  89|0x00000006c7f00000, 0x00000006c8000000, 0x00000006c8000000|100%| O|  |TS  0|AC  0|TAMS 0x00000006c8000000, 0x00000006c8000000|
|  90|0x00000006c8000000, 0x00000006c8100000, 0x00000006c8100000|100%| O|  |TS  0|AC  0|TAMS 0x00000006c8100000, 0x00000006c8100000|
|  91|0x00000006c8100000, 0x00000006c8200000, 0x00000006c8200000|100%| O|  |TS  0|AC  0|TAMS 0x00000006c8200000, 0x00000006c8200000|
|  92|0x00000006c8200000, 0x00000006c8300000, 0x00000006c8300000|100%| O|  |TS  0|AC  0|TAMS 0x00000006c8300000, 0x00000006c8300000|
|  93|0x00000006c8300000, 0x00000006c8400000, 0x00000006c8400000|100%| O|  |TS  0|AC  0|TAMS 0x00000006c8400000, 0x00000006c8400000|
|  94|0x00000006c8400000, 0x00000006c8500000, 0x00000006c8500000|100%| O|  |TS  0|AC  0|TAMS 0x00000006c8500000, 0x00000006c8500000|
|  95|0x00000006c8500000, 0x00000006c8600000, 0x00000006c8600000|100%| O|  |TS  0|AC  0|TAMS 0x00000006c8600000, 0x00000006c8600000|
|  96|0x00000006c8600000, 0x00000006c8700000, 0x00000006c8700000|100%| O|  |TS  0|AC  0|TAMS 0x00000006c8700000, 0x00000006c8700000|
|  97|0x00000006c8700000, 0x00000006c8800000, 0x00000006c8800000|100%| O|  |TS  0|AC  0|TAMS 0x00000006c8800000, 0x00000006c8800000|
|  98|0x00000006c8800000, 0x00000006c8900000, 0x00000006c8900000|100%| O|  |TS  0|AC  0|TAMS 0x00000006c8900000, 0x00000006c8900000|
|  99|0x00000006c8900000, 0x00000006c8a00000, 0x00000006c8a00000|100%| O|  |TS  0|AC  0|TAMS 0x00000006c8a00000, 0x00000006c8a00000|
| 100|0x00000006c8a00000, 0x00000006c8b00000, 0x00000006c8b00000|100%| O|  |TS  0|AC  0|TAMS 0x00000006c8b00000, 0x00000006c8b00000|
| 101|0x00000006c8b00000, 0x00000006c8c00000, 0x00000006c8c00000|100%| O|  |TS  0|AC  0|TAMS 0x00000006c8c00000, 0x00000006c8c00000|
| 102|0x00000006c8c00000, 0x00000006c8d00000, 0x00000006c8d00000|100%| O|  |TS  0|AC  0|TAMS 0x00000006c8d00000, 0x00000006c8d00000|
| 103|0x00000006c8d00000, 0x00000006c8e00000, 0x00000006c8e00000|100%| O|  |TS  0|AC  0|TAMS 0x00000006c8e00000, 0x00000006c8e00000|
| 104|0x00000006c8e00000, 0x00000006c8f00000, 0x00000006c8f00000|100%| O|  |TS  0|AC  0|TAMS 0x00000006c8f00000, 0x00000006c8f00000|
| 105|0x00000006c8f00000, 0x00000006c9000000, 0x00000006c9000000|100%| O|  |TS  0|AC  0|TAMS 0x00000006c9000000, 0x00000006c9000000|
| 106|0x00000006c9000000, 0x00000006c9100000, 0x00000006c9100000|100%| O|  |TS  0|AC  0|TAMS 0x00000006c9100000, 0x00000006c9100000|
| 107|0x00000006c9100000, 0x00000006c9200000, 0x00000006c9200000|100%| O|  |TS  0|AC  0|TAMS 0x00000006c9200000, 0x00000006c9200000|
| 108|0x00000006c9200000, 0x00000006c9300000, 0x00000006c9300000|100%| O|  |TS  0|AC  0|TAMS 0x00000006c9300000, 0x00000006c9300000|
| 109|0x00000006c9300000, 0x00000006c9400000, 0x00000006c9400000|100%| O|  |TS  0|AC  0|TAMS 0x00000006c9400000, 0x00000006c9400000|
| 110|0x00000006c9400000, 0x00000006c9500000, 0x00000006c9500000|100%| O|  |TS  0|AC  0|TAMS 0x00000006c9500000, 0x00000006c9500000|
| 111|0x00000006c9500000, 0x00000006c9600000, 0x00000006c9600000|100%| O|  |TS  0|AC  0|TAMS 0x00000006c9600000, 0x00000006c9600000|
| 112|0x00000006c9600000, 0x00000006c9700000, 0x00000006c9700000|100%| O|  |TS  0|AC  0|TAMS 0x00000006c9700000, 0x00000006c9700000|
| 113|0x00000006c9700000, 0x00000006c9800000, 0x00000006c9800000|100%| O|  |TS  0|AC  0|TAMS 0x00000006c9800000, 0x00000006c9800000|
| 114|0x00000006c9800000, 0x00000006c9900000, 0x00000006c9900000|100%| O|  |TS  0|AC  0|TAMS 0x00000006c9900000, 0x00000006c9900000|
| 115|0x00000006c9900000, 0x00000006c9a00000, 0x00000006c9a00000|100%| O|  |TS  0|AC  0|TAMS 0x00000006c9a00000, 0x00000006c9a00000|
| 116|0x00000006c9a00000, 0x00000006c9b00000, 0x00000006c9b00000|100%| O|  |TS  0|AC  0|TAMS 0x00000006c9b00000, 0x00000006c9b00000|
| 117|0x00000006c9b00000, 0x00000006c9c00000, 0x00000006c9c00000|100%| O|  |TS  0|AC  0|TAMS 0x00000006c9c00000, 0x00000006c9c00000|
| 118|0x00000006c9c00000, 0x00000006c9d00000, 0x00000006c9d00000|100%| O|  |TS  0|AC  0|TAMS 0x00000006c9d00000, 0x00000006c9d00000|
| 119|0x00000006c9d00000, 0x00000006c9e00000, 0x00000006c9e00000|100%| O|  |TS  0|AC  0|TAMS 0x00000006c9e00000, 0x00000006c9e00000|
| 120|0x00000006c9e00000, 0x00000006c9f00000, 0x00000006c9f00000|100%| O|  |TS  0|AC  0|TAMS 0x00000006c9f00000, 0x00000006c9f00000|
| 121|0x00000006c9f00000, 0x00000006ca000000, 0x00000006ca000000|100%| O|  |TS  0|AC  0|TAMS 0x00000006ca000000, 0x00000006ca000000|
| 122|0x00000006ca000000, 0x00000006ca100000, 0x00000006ca100000|100%| O|  |TS  0|AC  0|TAMS 0x00000006ca100000, 0x00000006ca100000|
| 123|0x00000006ca100000, 0x00000006ca200000, 0x00000006ca200000|100%| O|  |TS  0|AC  0|TAMS 0x00000006ca200000, 0x00000006ca200000|
| 124|0x00000006ca200000, 0x00000006ca300000, 0x00000006ca300000|100%| O|  |TS  0|AC  0|TAMS 0x00000006ca300000, 0x00000006ca300000|
| 125|0x00000006ca300000, 0x00000006ca400000, 0x00000006ca400000|100%| O|  |TS  0|AC  0|TAMS 0x00000006ca400000, 0x00000006ca400000|
| 126|0x00000006ca400000, 0x00000006ca500000, 0x00000006ca500000|100%| O|  |TS  0|AC  0|TAMS 0x00000006ca500000, 0x00000006ca500000|
| 127|0x00000006ca500000, 0x00000006ca600000, 0x00000006ca600000|100%| O|  |TS  0|AC  0|TAMS 0x00000006ca600000, 0x00000006ca600000|
| 128|0x00000006ca600000, 0x00000006ca700000, 0x00000006ca700000|100%| O|  |TS  0|AC  0|TAMS 0x00000006ca700000, 0x00000006ca700000|
| 129|0x00000006ca700000, 0x00000006ca800000, 0x00000006ca800000|100%| O|  |TS  0|AC  0|TAMS 0x00000006ca800000, 0x00000006ca800000|
| 130|0x00000006ca800000, 0x00000006ca900000, 0x00000006ca900000|100%| O|  |TS  0|AC  0|TAMS 0x00000006ca900000, 0x00000006ca900000|
| 131|0x00000006ca900000, 0x00000006caa00000, 0x00000006caa00000|100%| O|  |TS  0|AC  0|TAMS 0x00000006caa00000, 0x00000006caa00000|
| 132|0x00000006caa00000, 0x00000006cab00000, 0x00000006cab00000|100%| O|  |TS  0|AC  0|TAMS 0x00000006cab00000, 0x00000006cab00000|
| 133|0x00000006cab00000, 0x00000006cac00000, 0x00000006cac00000|100%| O|  |TS  0|AC  0|TAMS 0x00000006cac00000, 0x00000006cac00000|
| 134|0x00000006cac00000, 0x00000006cad00000, 0x00000006cad00000|100%| O|  |TS  0|AC  0|TAMS 0x00000006cad00000, 0x00000006cad00000|
| 135|0x00000006cad00000, 0x00000006cae00000, 0x00000006cae00000|100%| O|  |TS  0|AC  0|TAMS 0x00000006cae00000, 0x00000006cae00000|
| 136|0x00000006cae00000, 0x00000006caf00000, 0x00000006caf00000|100%| O|  |TS  0|AC  0|TAMS 0x00000006caf00000, 0x00000006caf00000|
| 137|0x00000006caf00000, 0x00000006cb000000, 0x00000006cb000000|100%| O|  |TS  0|AC  0|TAMS 0x00000006cb000000, 0x00000006cb000000|
| 138|0x00000006cb000000, 0x00000006cb100000, 0x00000006cb100000|100%| O|  |TS  0|AC  0|TAMS 0x00000006cb100000, 0x00000006cb100000|
| 139|0x00000006cb100000, 0x00000006cb200000, 0x00000006cb200000|100%| O|  |TS  0|AC  0|TAMS 0x00000006cb200000, 0x00000006cb200000|
| 140|0x00000006cb200000, 0x00000006cb300000, 0x00000006cb300000|100%| O|  |TS  0|AC  0|TAMS 0x00000006cb300000, 0x00000006cb300000|
| 141|0x00000006cb300000, 0x00000006cb400000, 0x00000006cb400000|100%| O|  |TS  0|AC  0|TAMS 0x00000006cb400000, 0x00000006cb400000|
| 142|0x00000006cb400000, 0x00000006cb500000, 0x00000006cb500000|100%| O|  |TS  0|AC  0|TAMS 0x00000006cb500000, 0x00000006cb500000|
| 143|0x00000006cb500000, 0x00000006cb600000, 0x00000006cb600000|100%| O|  |TS  0|AC  0|TAMS 0x00000006cb600000, 0x00000006cb600000|
| 144|0x00000006cb600000, 0x00000006cb700000, 0x00000006cb700000|100%| O|  |TS  0|AC  0|TAMS 0x00000006cb700000, 0x00000006cb700000|
| 145|0x00000006cb700000, 0x00000006cb800000, 0x00000006cb800000|100%| O|  |TS  0|AC  0|TAMS 0x00000006cb800000, 0x00000006cb800000|
| 146|0x00000006cb800000, 0x00000006cb900000, 0x00000006cb900000|100%| O|  |TS  0|AC  0|TAMS 0x00000006cb900000, 0x00000006cb900000|
| 147|0x00000006cb900000, 0x00000006cba00000, 0x00000006cba00000|100%| O|  |TS  0|AC  0|TAMS 0x00000006cba00000, 0x00000006cba00000|
| 148|0x00000006cba00000, 0x00000006cbb00000, 0x00000006cbb00000|100%| O|  |TS  0|AC  0|TAMS 0x00000006cbb00000, 0x00000006cbb00000|
| 149|0x00000006cbb00000, 0x00000006cbc00000, 0x00000006cbc00000|100%| O|  |TS  0|AC  0|TAMS 0x00000006cbc00000, 0x00000006cbc00000|
| 150|0x00000006cbc00000, 0x00000006cbd00000, 0x00000006cbd00000|100%| O|  |TS  0|AC  0|TAMS 0x00000006cbd00000, 0x00000006cbd00000|
| 151|0x00000006cbd00000, 0x00000006cbe00000, 0x00000006cbe00000|100%| O|  |TS  0|AC  0|TAMS 0x00000006cbe00000, 0x00000006cbe00000|
| 152|0x00000006cbe00000, 0x00000006cbf00000, 0x00000006cbf00000|100%| O|  |TS  0|AC  0|TAMS 0x00000006cbf00000, 0x00000006cbf00000|
| 153|0x00000006cbf00000, 0x00000006cc000000, 0x00000006cc000000|100%| O|  |TS  0|AC  0|TAMS 0x00000006cc000000, 0x00000006cc000000|
| 154|0x00000006cc000000, 0x00000006cc100000, 0x00000006cc100000|100%| O|  |TS  0|AC  0|TAMS 0x00000006cc100000, 0x00000006cc100000|
| 155|0x00000006cc100000, 0x00000006cc200000, 0x00000006cc200000|100%| O|  |TS  0|AC  0|TAMS 0x00000006cc200000, 0x00000006cc200000|
| 156|0x00000006cc200000, 0x00000006cc300000, 0x00000006cc300000|100%| O|  |TS  0|AC  0|TAMS 0x00000006cc300000, 0x00000006cc300000|
| 157|0x00000006cc300000, 0x00000006cc400000, 0x00000006cc400000|100%| O|  |TS  0|AC  0|TAMS 0x00000006cc400000, 0x00000006cc400000|
| 158|0x00000006cc400000, 0x00000006cc500000, 0x00000006cc500000|100%| O|  |TS  0|AC  0|TAMS 0x00000006cc500000, 0x00000006cc500000|
| 159|0x00000006cc500000, 0x00000006cc600000, 0x00000006cc600000|100%| O|  |TS  0|AC  0|TAMS 0x00000006cc600000, 0x00000006cc600000|
| 160|0x00000006cc600000, 0x00000006cc700000, 0x00000006cc700000|100%| O|  |TS  0|AC  0|TAMS 0x00000006cc700000, 0x00000006cc700000|
| 161|0x00000006cc700000, 0x00000006cc800000, 0x00000006cc800000|100%| O|  |TS  0|AC  0|TAMS 0x00000006cc800000, 0x00000006cc800000|
| 162|0x00000006cc800000, 0x00000006cc900000, 0x00000006cc900000|100%| O|  |TS  0|AC  0|TAMS 0x00000006cc900000, 0x00000006cc900000|
| 163|0x00000006cc900000, 0x00000006cca00000, 0x00000006cca00000|100%| O|  |TS  0|AC  0|TAMS 0x00000006cca00000, 0x00000006cca00000|
| 164|0x00000006cca00000, 0x00000006ccb00000, 0x00000006ccb00000|100%| O|  |TS  0|AC  0|TAMS 0x00000006ccb00000, 0x00000006ccb00000|
| 165|0x00000006ccb00000, 0x00000006ccc00000, 0x00000006ccc00000|100%| O|  |TS  0|AC  0|TAMS 0x00000006ccc00000, 0x00000006ccc00000|
| 166|0x00000006ccc00000, 0x00000006ccd00000, 0x00000006ccd00000|100%| O|  |TS  0|AC  0|TAMS 0x00000006ccd00000, 0x00000006ccd00000|
| 167|0x00000006ccd00000, 0x00000006cce00000, 0x00000006cce00000|100%| O|  |TS  0|AC  0|TAMS 0x00000006cce00000, 0x00000006cce00000|
| 168|0x00000006cce00000, 0x00000006ccf00000, 0x00000006ccf00000|100%| O|  |TS  0|AC  0|TAMS 0x00000006ccf00000, 0x00000006ccf00000|
| 169|0x00000006ccf00000, 0x00000006cd000000, 0x00000006cd000000|100%| O|  |TS  0|AC  0|TAMS 0x00000006cd000000, 0x00000006cd000000|
| 170|0x00000006cd000000, 0x00000006cd100000, 0x00000006cd100000|100%| O|  |TS  0|AC  0|TAMS 0x00000006cd100000, 0x00000006cd100000|
| 171|0x00000006cd100000, 0x00000006cd200000, 0x00000006cd200000|100%| O|  |TS  0|AC  0|TAMS 0x00000006cd200000, 0x00000006cd200000|
| 172|0x00000006cd200000, 0x00000006cd300000, 0x00000006cd300000|100%| O|  |TS  0|AC  0|TAMS 0x00000006cd300000, 0x00000006cd300000|
| 173|0x00000006cd300000, 0x00000006cd400000, 0x00000006cd400000|100%| O|  |TS  0|AC  0|TAMS 0x00000006cd400000, 0x00000006cd400000|
| 174|0x00000006cd400000, 0x00000006cd500000, 0x00000006cd500000|100%| O|  |TS  0|AC  0|TAMS 0x00000006cd500000, 0x00000006cd500000|
| 175|0x00000006cd500000, 0x00000006cd600000, 0x00000006cd600000|100%| O|  |TS  0|AC  0|TAMS 0x00000006cd600000, 0x00000006cd600000|
| 176|0x00000006cd600000, 0x00000006cd700000, 0x00000006cd700000|100%| O|  |TS  0|AC  0|TAMS 0x00000006cd700000, 0x00000006cd700000|
| 177|0x00000006cd700000, 0x00000006cd800000, 0x00000006cd800000|100%| O|  |TS  0|AC  0|TAMS 0x00000006cd800000, 0x00000006cd800000|
| 178|0x00000006cd800000, 0x00000006cd900000, 0x00000006cd900000|100%| O|  |TS  0|AC  0|TAMS 0x00000006cd900000, 0x00000006cd900000|
| 179|0x00000006cd900000, 0x00000006cda00000, 0x00000006cda00000|100%| O|  |TS  0|AC  0|TAMS 0x00000006cda00000, 0x00000006cda00000|
| 180|0x00000006cda00000, 0x00000006cdb00000, 0x00000006cdb00000|100%| O|  |TS  0|AC  0|TAMS 0x00000006cdb00000, 0x00000006cdb00000|
| 181|0x00000006cdb00000, 0x00000006cdc00000, 0x00000006cdc00000|100%| O|  |TS  0|AC  0|TAMS 0x00000006cdc00000, 0x00000006cdc00000|
| 182|0x00000006cdc00000, 0x00000006cdd00000, 0x00000006cdd00000|100%| O|  |TS  0|AC  0|TAMS 0x00000006cdd00000, 0x00000006cdd00000|
| 183|0x00000006cdd00000, 0x00000006cde00000, 0x00000006cde00000|100%| O|  |TS  0|AC  0|TAMS 0x00000006cde00000, 0x00000006cde00000|
| 184|0x00000006cde00000, 0x00000006cdf00000, 0x00000006cdf00000|100%| O|  |TS  0|AC  0|TAMS 0x00000006cdf00000, 0x00000006cdf00000|
| 185|0x00000006cdf00000, 0x00000006ce000000, 0x00000006ce000000|100%| O|  |TS  0|AC  0|TAMS 0x00000006ce000000, 0x00000006ce000000|
| 186|0x00000006ce000000, 0x00000006ce100000, 0x00000006ce100000|100%| O|  |TS  0|AC  0|TAMS 0x00000006ce100000, 0x00000006ce100000|
| 187|0x00000006ce100000, 0x00000006ce200000, 0x00000006ce200000|100%| O|  |TS  0|AC  0|TAMS 0x00000006ce200000, 0x00000006ce200000|
| 188|0x00000006ce200000, 0x00000006ce300000, 0x00000006ce300000|100%| O|  |TS  0|AC  0|TAMS 0x00000006ce300000, 0x00000006ce300000|
| 189|0x00000006ce300000, 0x00000006ce400000, 0x00000006ce400000|100%| O|  |TS  0|AC  0|TAMS 0x00000006ce400000, 0x00000006ce400000|
| 190|0x00000006ce400000, 0x00000006ce500000, 0x00000006ce500000|100%| O|  |TS  0|AC  0|TAMS 0x00000006ce500000, 0x00000006ce500000|
| 191|0x00000006ce500000, 0x00000006ce600000, 0x00000006ce600000|100%| O|  |TS  0|AC  0|TAMS 0x00000006ce600000, 0x00000006ce600000|
| 192|0x00000006ce600000, 0x00000006ce700000, 0x00000006ce700000|100%| O|  |TS  0|AC  0|TAMS 0x00000006ce700000, 0x00000006ce700000|
| 193|0x00000006ce700000, 0x00000006ce800000, 0x00000006ce800000|100%| O|  |TS  0|AC  0|TAMS 0x00000006ce800000, 0x00000006ce800000|
| 194|0x00000006ce800000, 0x00000006ce900000, 0x00000006ce900000|100%| O|  |TS  0|AC  0|TAMS 0x00000006ce900000, 0x00000006ce900000|
| 195|0x00000006ce900000, 0x00000006cea00000, 0x00000006cea00000|100%| O|  |TS  0|AC  0|TAMS 0x00000006cea00000, 0x00000006cea00000|
| 196|0x00000006cea00000, 0x00000006ceb00000, 0x00000006ceb00000|100%| O|  |TS  0|AC  0|TAMS 0x00000006ceb00000, 0x00000006ceb00000|
| 197|0x00000006ceb00000, 0x00000006cec00000, 0x00000006cec00000|100%| O|  |TS  0|AC  0|TAMS 0x00000006cec00000, 0x00000006cec00000|
| 198|0x00000006cec00000, 0x00000006ced00000, 0x00000006ced00000|100%| O|  |TS  0|AC  0|TAMS 0x00000006ced00000, 0x00000006ced00000|
| 199|0x00000006ced00000, 0x00000006cee00000, 0x00000006cee00000|100%| O|  |TS  0|AC  0|TAMS 0x00000006cee00000, 0x00000006cee00000|
| 200|0x00000006cee00000, 0x00000006cef00000, 0x00000006cef00000|100%| O|  |TS  0|AC  0|TAMS 0x00000006cef00000, 0x00000006cef00000|
| 201|0x00000006cef00000, 0x00000006cf000000, 0x00000006cf000000|100%| O|  |TS  0|AC  0|TAMS 0x00000006cf000000, 0x00000006cf000000|
| 202|0x00000006cf000000, 0x00000006cf100000, 0x00000006cf100000|100%| O|  |TS  0|AC  0|TAMS 0x00000006cf100000, 0x00000006cf100000|
| 203|0x00000006cf100000, 0x00000006cf200000, 0x00000006cf200000|100%| O|  |TS  0|AC  0|TAMS 0x00000006cf200000, 0x00000006cf200000|
| 204|0x00000006cf200000, 0x00000006cf300000, 0x00000006cf300000|100%| O|  |TS  0|AC  0|TAMS 0x00000006cf300000, 0x00000006cf300000|
| 205|0x00000006cf300000, 0x00000006cf400000, 0x00000006cf400000|100%| O|  |TS  0|AC  0|TAMS 0x00000006cf400000, 0x00000006cf400000|
| 206|0x00000006cf400000, 0x00000006cf500000, 0x00000006cf500000|100%| O|  |TS  0|AC  0|TAMS 0x00000006cf500000, 0x00000006cf500000|
| 207|0x00000006cf500000, 0x00000006cf600000, 0x00000006cf600000|100%| O|  |TS  0|AC  0|TAMS 0x00000006cf600000, 0x00000006cf600000|
| 208|0x00000006cf600000, 0x00000006cf700000, 0x00000006cf700000|100%| O|  |TS  0|AC  0|TAMS 0x00000006cf700000, 0x00000006cf700000|
| 209|0x00000006cf700000, 0x00000006cf800000, 0x00000006cf800000|100%| O|  |TS  0|AC  0|TAMS 0x00000006cf800000, 0x00000006cf800000|
| 210|0x00000006cf800000, 0x00000006cf900000, 0x00000006cf900000|100%| O|  |TS  0|AC  0|TAMS 0x00000006cf900000, 0x00000006cf900000|
| 211|0x00000006cf900000, 0x00000006cfa00000, 0x00000006cfa00000|100%| O|  |TS  0|AC  0|TAMS 0x00000006cfa00000, 0x00000006cfa00000|
| 212|0x00000006cfa00000, 0x00000006cfb00000, 0x00000006cfb00000|100%| O|  |TS  0|AC  0|TAMS 0x00000006cfb00000, 0x00000006cfb00000|
| 213|0x00000006cfb00000, 0x00000006cfc00000, 0x00000006cfc00000|100%| O|  |TS  0|AC  0|TAMS 0x00000006cfc00000, 0x00000006cfc00000|
| 214|0x00000006cfc00000, 0x00000006cfd00000, 0x00000006cfd00000|100%| O|  |TS  0|AC  0|TAMS 0x00000006cfd00000, 0x00000006cfd00000|
| 215|0x00000006cfd00000, 0x00000006cfe00000, 0x00000006cfe00000|100%| O|  |TS  0|AC  0|TAMS 0x00000006cfe00000, 0x00000006cfe00000|
| 216|0x00000006cfe00000, 0x00000006cff00000, 0x00000006cff00000|100%| O|  |TS  0|AC  0|TAMS 0x00000006cff00000, 0x00000006cff00000|
| 217|0x00000006cff00000, 0x00000006d0000000, 0x00000006d0000000|100%| O|  |TS  0|AC  0|TAMS 0x00000006d0000000, 0x00000006d0000000|
| 218|0x00000006d0000000, 0x00000006d0100000, 0x00000006d0100000|100%| O|  |TS  0|AC  0|TAMS 0x00000006d0100000, 0x00000006d0100000|
| 219|0x00000006d0100000, 0x00000006d0200000, 0x00000006d0200000|100%| O|  |TS  0|AC  0|TAMS 0x00000006d0200000, 0x00000006d0200000|
| 220|0x00000006d0200000, 0x00000006d0300000, 0x00000006d0300000|100%| O|  |TS  0|AC  0|TAMS 0x00000006d0300000, 0x00000006d0300000|
| 221|0x00000006d0300000, 0x00000006d0400000, 0x00000006d0400000|100%| O|  |TS  0|AC  0|TAMS 0x00000006d0400000, 0x00000006d0400000|
| 222|0x00000006d0400000, 0x00000006d0500000, 0x00000006d0500000|100%| O|  |TS  0|AC  0|TAMS 0x00000006d0500000, 0x00000006d0500000|
| 223|0x00000006d0500000, 0x00000006d0600000, 0x00000006d0600000|100%| O|  |TS  0|AC  0|TAMS 0x00000006d0600000, 0x00000006d0600000|
| 224|0x00000006d0600000, 0x00000006d0700000, 0x00000006d0700000|100%| O|  |TS  0|AC  0|TAMS 0x00000006d0700000, 0x00000006d0700000|
| 225|0x00000006d0700000, 0x00000006d0800000, 0x00000006d0800000|100%| O|  |TS  0|AC  0|TAMS 0x00000006d0800000, 0x00000006d0800000|
| 226|0x00000006d0800000, 0x00000006d0900000, 0x00000006d0900000|100%| O|  |TS  0|AC  0|TAMS 0x00000006d0900000, 0x00000006d0900000|
| 227|0x00000006d0900000, 0x00000006d0a00000, 0x00000006d0a00000|100%| O|  |TS  0|AC  0|TAMS 0x00000006d0a00000, 0x00000006d0a00000|
| 228|0x00000006d0a00000, 0x00000006d0b00000, 0x00000006d0b00000|100%| O|  |TS  0|AC  0|TAMS 0x00000006d0b00000, 0x00000006d0b00000|
| 229|0x00000006d0b00000, 0x00000006d0c00000, 0x00000006d0c00000|100%| O|  |TS  0|AC  0|TAMS 0x00000006d0c00000, 0x00000006d0c00000|
| 230|0x00000006d0c00000, 0x00000006d0d00000, 0x00000006d0d00000|100%| O|  |TS  0|AC  0|TAMS 0x00000006d0d00000, 0x00000006d0d00000|
| 231|0x00000006d0d00000, 0x00000006d0e00000, 0x00000006d0e00000|100%| O|  |TS  0|AC  0|TAMS 0x00000006d0e00000, 0x00000006d0e00000|
| 232|0x00000006d0e00000, 0x00000006d0f00000, 0x00000006d0f00000|100%| O|  |TS  0|AC  0|TAMS 0x00000006d0f00000, 0x00000006d0f00000|
| 233|0x00000006d0f00000, 0x00000006d1000000, 0x00000006d1000000|100%| O|  |TS  0|AC  0|TAMS 0x00000006d1000000, 0x00000006d1000000|
| 234|0x00000006d1000000, 0x00000006d1100000, 0x00000006d1100000|100%| O|  |TS  0|AC  0|TAMS 0x00000006d1100000, 0x00000006d1100000|
| 235|0x00000006d1100000, 0x00000006d1200000, 0x00000006d1200000|100%| O|  |TS  0|AC  0|TAMS 0x00000006d1200000, 0x00000006d1200000|
| 236|0x00000006d1200000, 0x00000006d1300000, 0x00000006d1300000|100%| O|  |TS  0|AC  0|TAMS 0x00000006d1300000, 0x00000006d1300000|
| 237|0x00000006d1300000, 0x00000006d1400000, 0x00000006d1400000|100%| O|  |TS  0|AC  0|TAMS 0x00000006d1400000, 0x00000006d1400000|
| 238|0x00000006d1400000, 0x00000006d1500000, 0x00000006d1500000|100%| O|  |TS  0|AC  0|TAMS 0x00000006d1500000, 0x00000006d1500000|
| 239|0x00000006d1500000, 0x00000006d1600000, 0x00000006d1600000|100%| O|  |TS  0|AC  0|TAMS 0x00000006d1600000, 0x00000006d1600000|
| 240|0x00000006d1600000, 0x00000006d1700000, 0x00000006d1700000|100%| O|  |TS  0|AC  0|TAMS 0x00000006d1700000, 0x00000006d1700000|
| 241|0x00000006d1700000, 0x00000006d1800000, 0x00000006d1800000|100%| O|  |TS  0|AC  0|TAMS 0x00000006d1800000, 0x00000006d1800000|
| 242|0x00000006d1800000, 0x00000006d1900000, 0x00000006d1900000|100%| O|  |TS  0|AC  0|TAMS 0x00000006d1900000, 0x00000006d1900000|
| 243|0x00000006d1900000, 0x00000006d1a00000, 0x00000006d1a00000|100%| O|  |TS  0|AC  0|TAMS 0x00000006d1a00000, 0x00000006d1a00000|
| 244|0x00000006d1a00000, 0x00000006d1b00000, 0x00000006d1b00000|100%| O|  |TS  0|AC  0|TAMS 0x00000006d1b00000, 0x00000006d1b00000|
| 245|0x00000006d1b00000, 0x00000006d1c00000, 0x00000006d1c00000|100%| O|  |TS  0|AC  0|TAMS 0x00000006d1c00000, 0x00000006d1c00000|
| 246|0x00000006d1c00000, 0x00000006d1d00000, 0x00000006d1d00000|100%| O|  |TS  1|AC  0|TAMS 0x00000006d1cc4a00, 0x00000006d1d00000|
| 247|0x00000006d1d00000, 0x00000006d1e00000, 0x00000006d1e00000|100%| O|  |TS  0|AC  0|TAMS 0x00000006d1e00000, 0x00000006d1e00000|
| 248|0x00000006d1e00000, 0x00000006d1e00000, 0x00000006d1f00000|  0%| F|  |TS  2|AC  0|TAMS 0x00000006d1e00000, 0x00000006d1e00000|
| 249|0x00000006d1f00000, 0x00000006d1f167c0, 0x00000006d2000000|  8%| S|CS|TS  2|AC  0|TAMS 0x00000006d1f00000, 0x00000006d1f00000|
| 250|0x00000006d2000000, 0x00000006d2100000, 0x00000006d2100000|100%| S|CS|TS  2|AC  0|TAMS 0x00000006d2000000, 0x00000006d2000000|
| 251|0x00000006d2100000, 0x00000006d2100000, 0x00000006d2200000|  0%| F|  |TS  2|AC  0|TAMS 0x00000006d2100000, 0x00000006d2100000|
| 252|0x00000006d2200000, 0x00000006d2200000, 0x00000006d2300000|  0%| F|  |TS  2|AC  0|TAMS 0x00000006d2200000, 0x00000006d2200000|
| 253|0x00000006d2300000, 0x00000006d2300000, 0x00000006d2400000|  0%| F|  |TS  2|AC  0|TAMS 0x00000006d2300000, 0x00000006d2300000|
| 254|0x00000006d2400000, 0x00000006d2500000, 0x00000006d2500000|100%| O|  |TS  0|AC  0|TAMS 0x00000006d2500000, 0x00000006d2500000|
| 255|0x00000006d2500000, 0x00000006d2500000, 0x00000006d2600000|  0%| F|  |TS  2|AC  0|TAMS 0x00000006d2500000, 0x00000006d2500000|
| 256|0x00000006d2600000, 0x00000006d2700000, 0x00000006d2700000|100%| O|  |TS  0|AC  0|TAMS 0x00000006d2700000, 0x00000006d2700000|
| 257|0x00000006d2700000, 0x00000006d2700000, 0x00000006d2800000|  0%| F|  |TS  2|AC  0|TAMS 0x00000006d2700000, 0x00000006d2700000|
| 258|0x00000006d2800000, 0x00000006d2800000, 0x00000006d2900000|  0%| F|  |TS  2|AC  0|TAMS 0x00000006d2800000, 0x00000006d2800000|
| 259|0x00000006d2900000, 0x00000006d2900000, 0x00000006d2a00000|  0%| F|  |TS  2|AC  0|TAMS 0x00000006d2900000, 0x00000006d2900000|
| 260|0x00000006d2a00000, 0x00000006d2a00000, 0x00000006d2b00000|  0%| F|  |TS  2|AC  0|TAMS 0x00000006d2a00000, 0x00000006d2a00000|
| 261|0x00000006d2b00000, 0x00000006d2b00000, 0x00000006d2c00000|  0%| F|  |TS  2|AC  0|TAMS 0x00000006d2b00000, 0x00000006d2b00000|
| 262|0x00000006d2c00000, 0x00000006d2c00000, 0x00000006d2d00000|  0%| F|  |TS  2|AC  0|TAMS 0x00000006d2c00000, 0x00000006d2c00000|
| 263|0x00000006d2d00000, 0x00000006d2e00000, 0x00000006d2e00000|100%| O|  |TS  0|AC  0|TAMS 0x00000006d2e00000, 0x00000006d2e00000|
| 264|0x00000006d2e00000, 0x00000006d2e00000, 0x00000006d2f00000|  0%| F|  |TS  2|AC  0|TAMS 0x00000006d2e00000, 0x00000006d2e00000|
| 265|0x00000006d2f00000, 0x00000006d2ff96a8, 0x00000006d3000000| 97%| E|  |TS  2|AC  0|TAMS 0x00000006d2f00000, 0x00000006d2f00000|

Card table byte_map: [0x00000180edb60000,0x00000180ee350000] byte_map_base: 0x00000180ea54d000

Marking Bits (Prev, Next): (CMBitMap*) 0x00000180d66ee600, (CMBitMap*) 0x00000180d66ee638
 Prev Bits: [0x00000180eeb40000, 0x00000180f2aa8000)
 Next Bits: [0x00000180f2ab0000, 0x00000180f6a18000)

Polling page: 0x00000180d44e0000

CodeHeap 'non-profiled nmethods': size=120000Kb used=6907Kb max_used=7673Kb free=113093Kb
 bounds [0x00000180e58f0000, 0x00000180e6070000, 0x00000180ece20000]
CodeHeap 'profiled nmethods': size=120000Kb used=9403Kb max_used=16386Kb free=110596Kb
 bounds [0x00000180de3c0000, 0x00000180df3f0000, 0x00000180e58f0000]
CodeHeap 'non-nmethods': size=5760Kb used=1377Kb max_used=1431Kb free=4382Kb
 bounds [0x00000180dde20000, 0x00000180de090000, 0x00000180de3c0000]
 total_blobs=11699 nmethods=5962 adapters=728
 compilation: enabled

Compilation events (10 events):
Event: 3160.044 Thread 0x00000180fa0a4000 7816       4       javafx.scene.layout.Region$StyleableProperties$10::isSettable (9 bytes)
Event: 3160.044 Thread 0x00000180fa0b8000 7817       4       javafx.scene.layout.Region$StyleableProperties$3::isSettable (9 bytes)
Event: 3160.044 Thread 0x00000180fa0a4000 nmethod 7816 0x00000180e59a7190 code [0x00000180e59a7320, 0x00000180e59a73d8]
Event: 3160.045 Thread 0x00000180fa0b8000 nmethod 7817 0x00000180e59c3090 code [0x00000180e59c3240, 0x00000180e59c3338]
Event: 3230.083 Thread 0x00000180fa0b8000 7818       4       javafx.scene.layout.BorderPane::getContentBias (164 bytes)
Event: 3230.095 Thread 0x00000180fa0b8000 nmethod 7818 0x00000180e5a9c910 code [0x00000180e5a9cb80, 0x00000180e5a9d7b8]
Event: 3249.901 Thread 0x00000180fa0ae000 7819       4       java.lang.Long::valueOf (40 bytes)
Event: 3249.902 Thread 0x00000180fa0ae000 nmethod 7819 0x00000180e59c6c10 code [0x00000180e59c6dc0, 0x00000180e59c6ef8]
Event: 3254.909 Thread 0x00000180fa0a4000 7820   !   4       com.mysql.cj.jdbc.result.ResultSetImpl::getLong (42 bytes)
Event: 3254.913 Thread 0x00000180fa0a4000 nmethod 7820 0x00000180e59fa910 code [0x00000180e59fab00, 0x00000180e59fb0f8]

GC Heap History (10 events):
Event: 3264.387 GC heap before
{Heap before GC invocations=344 (full 0):
 garbage-first heap   total 271360K, used 267879K [0x00000006c2600000, 0x00000007c0000000)
  region size 1024K, 13 young (13312K), 2 survivors (2048K)
 Metaspace       used 29876K, capacity 30757K, committed 31280K, reserved 1077248K
  class space    used 3644K, capacity 4076K, committed 4144K, reserved 1048576K
}
Event: 3264.388 GC heap after
{Heap after GC invocations=345 (full 0):
 garbage-first heap   total 271360K, used 256898K [0x00000006c2600000, 0x00000007c0000000)
  region size 1024K, 2 young (2048K), 2 survivors (2048K)
 Metaspace       used 29876K, capacity 30757K, committed 31280K, reserved 1077248K
  class space    used 3644K, capacity 4076K, committed 4144K, reserved 1048576K
}
Event: 3265.149 GC heap before
{Heap before GC invocations=345 (full 0):
 garbage-first heap   total 271360K, used 268162K [0x00000006c2600000, 0x00000007c0000000)
  region size 1024K, 13 young (13312K), 2 survivors (2048K)
 Metaspace       used 29876K, capacity 30757K, committed 31280K, reserved 1077248K
  class space    used 3644K, capacity 4076K, committed 4144K, reserved 1048576K
}
Event: 3265.151 GC heap after
{Heap after GC invocations=346 (full 0):
 garbage-first heap   total 272384K, used 256875K [0x00000006c2600000, 0x00000007c0000000)
  region size 1024K, 2 young (2048K), 2 survivors (2048K)
 Metaspace       used 29876K, capacity 30757K, committed 31280K, reserved 1077248K
  class space    used 3644K, capacity 4076K, committed 4144K, reserved 1048576K
}
Event: 3269.760 GC heap before
{Heap before GC invocations=346 (full 0):
 garbage-first heap   total 272384K, used 268139K [0x00000006c2600000, 0x00000007c0000000)
  region size 1024K, 13 young (13312K), 2 survivors (2048K)
 Metaspace       used 29876K, capacity 30757K, committed 31280K, reserved 1077248K
  class space    used 3644K, capacity 4076K, committed 4144K, reserved 1048576K
}
Event: 3269.762 GC heap after
{Heap after GC invocations=347 (full 0):
 garbage-first heap   total 272384K, used 257448K [0x00000006c2600000, 0x00000007c0000000)
  region size 1024K, 2 young (2048K), 2 survivors (2048K)
 Metaspace       used 29876K, capacity 30757K, committed 31280K, reserved 1077248K
  class space    used 3644K, capacity 4076K, committed 4144K, reserved 1048576K
}
Event: 3274.542 GC heap before
{Heap before GC invocations=348 (full 0):
 garbage-first heap   total 272384K, used 268712K [0x00000006c2600000, 0x00000007c0000000)
  region size 1024K, 13 young (13312K), 2 survivors (2048K)
 Metaspace       used 29876K, capacity 30757K, committed 31280K, reserved 1077248K
  class space    used 3644K, capacity 4076K, committed 4144K, reserved 1048576K
}
Event: 3274.543 GC heap after
{Heap after GC invocations=349 (full 0):
 garbage-first heap   total 272384K, used 257742K [0x00000006c2600000, 0x00000007c0000000)
  region size 1024K, 2 young (2048K), 2 survivors (2048K)
 Metaspace       used 29876K, capacity 30757K, committed 31280K, reserved 1077248K
  class space    used 3644K, capacity 4076K, committed 4144K, reserved 1048576K
}
Event: 3275.474 GC heap before
{Heap before GC invocations=349 (full 0):
 garbage-first heap   total 272384K, used 269006K [0x00000006c2600000, 0x00000007c0000000)
  region size 1024K, 13 young (13312K), 2 survivors (2048K)
 Metaspace       used 29876K, capacity 30757K, committed 31280K, reserved 1077248K
  class space    used 3644K, capacity 4076K, committed 4144K, reserved 1048576K
}
Event: 3275.475 GC heap after
{Heap after GC invocations=350 (full 0):
 garbage-first heap   total 272384K, used 257703K [0x00000006c2600000, 0x00000007c0000000)
  region size 1024K, 2 young (2048K), 2 survivors (2048K)
 Metaspace       used 29876K, capacity 30757K, committed 31280K, reserved 1077248K
  class space    used 3644K, capacity 4076K, committed 4144K, reserved 1048576K
}

Deoptimization events (10 events):
Event: 226.074 Thread 0x00000180fa972000 Uncommon trap: reason=null_check action=maybe_recompile pc=0x00000180e5e4e34c method=controller.WindowController.meetsNextToDiceRequirements(Lmodel/FieldModel;Lmodel/DiceModel;)Z @ 142 c2
Event: 226.080 Thread 0x00000180fa972000 Uncommon trap: reason=null_check action=maybe_recompile pc=0x00000180e5e4e34c method=controller.WindowController.meetsNextToDiceRequirements(Lmodel/FieldModel;Lmodel/DiceModel;)Z @ 142 c2
Event: 226.080 Thread 0x00000180fa972000 Uncommon trap: reason=null_check action=maybe_recompile pc=0x00000180e5e4e34c method=controller.WindowController.meetsNextToDiceRequirements(Lmodel/FieldModel;Lmodel/DiceModel;)Z @ 142 c2
Event: 253.121 Thread 0x00000180fa972000 Uncommon trap: reason=unstable_if action=reinterpret pc=0x00000180e5e96060 method=com.sun.glass.ui.View.notifyMouse(IIIIIIIZZ)V @ 70 c2
Event: 253.121 Thread 0x00000180fa972000 Uncommon trap: reason=unstable_if action=reinterpret pc=0x00000180e5e7adfc method=javafx.scene.Scene$MouseHandler.process(Ljavafx/scene/input/MouseEvent;Z)V @ 657 c2
Event: 355.511 Thread 0x00000180fa972000 Uncommon trap: reason=unstable_if action=reinterpret pc=0x00000180e5e663bc method=controller.WindowController.meetsNextToDiceRequirements(Lmodel/FieldModel;Lmodel/DiceModel;)Z @ 54 c2
Event: 1707.689 Thread 0x00000180fa972000 Uncommon trap: reason=intrinsic_or_type_checked_inlining action=make_not_entrant pc=0x00000180e604cdbc method=java.util.ArrayList.toArray([Ljava/lang/Object;)[Ljava/lang/Object; @ 36 c2
Event: 2183.419 Thread 0x00000180fa972000 Uncommon trap: reason=class_check action=maybe_recompile pc=0x00000180e605f950 method=javafx.scene.layout.Region$1.doComputeLayoutBounds(Ljavafx/scene/Node;)Ljavafx/geometry/Bounds; @ 1 c2
Event: 2183.420 Thread 0x00000180fa972000 Uncommon trap: reason=unstable_if action=reinterpret pc=0x00000180e60570b4 method=javafx.scene.layout.Region.validateCorners()V @ 24 c2
Event: 3265.197 Thread 0x00000180fa8f0000 Uncommon trap: reason=unstable_if action=reinterpret pc=0x00000180e591cb98 method=com.sun.prism.impl.ManagedResource.bumpAge(I)V @ 7 c2

Classes redefined (0 events):
No events

Internal exceptions (10 events):
Event: 448.888 Thread 0x00000180fa972000 Exception <a 'java/lang/NullPointerException'{0x00000006cd54fc08}> (0x00000006cd54fc08) thrown at [t:/workspace/open/src/hotspot/share/runtime/sharedRuntime.cpp, line 600]
Event: 448.896 Thread 0x00000180fa972000 Implicit null exception at 0x00000180df2cfa54 to 0x00000180df2d1776
Event: 448.896 Thread 0x00000180fa972000 Exception <a 'java/lang/NullPointerException'{0x00000006cd550aa0}> (0x00000006cd550aa0) thrown at [t:/workspace/open/src/hotspot/share/runtime/sharedRuntime.cpp, line 600]
Event: 448.900 Thread 0x00000180fa972000 Implicit null exception at 0x00000180df2cfa54 to 0x00000180df2d1776
Event: 448.900 Thread 0x00000180fa972000 Exception <a 'java/lang/NullPointerException'{0x00000006cd551ca8}> (0x00000006cd551ca8) thrown at [t:/workspace/open/src/hotspot/share/runtime/sharedRuntime.cpp, line 600]
Event: 448.963 Thread 0x00000180fa972000 Implicit null exception at 0x00000180df2cfa54 to 0x00000180df2d1776
Event: 448.963 Thread 0x00000180fa972000 Exception <a 'java/lang/NullPointerException'{0x00000006cd553900}> (0x00000006cd553900) thrown at [t:/workspace/open/src/hotspot/share/runtime/sharedRuntime.cpp, line 600]
Event: 449.024 Thread 0x00000180fa972000 Implicit null exception at 0x00000180df2cfa54 to 0x00000180df2d1776
Event: 449.024 Thread 0x00000180fa972000 Exception <a 'java/lang/NullPointerException'{0x00000006cd5551e8}> (0x00000006cd5551e8) thrown at [t:/workspace/open/src/hotspot/share/runtime/sharedRuntime.cpp, line 600]
Event: 2183.420 Thread 0x00000180fa972000 Implicit null exception at 0x00000180e6056492 to 0x00000180e60570a2

Events (10 events):
Event: 3269.760 Executing VM operation: G1IncCollectionPause
Event: 3269.762 Executing VM operation: G1IncCollectionPause done
Event: 3269.838 Executing VM operation: CGC_Operation
Event: 3269.842 Executing VM operation: CGC_Operation done
Event: 3269.862 Executing VM operation: CGC_Operation
Event: 3269.862 Executing VM operation: CGC_Operation done
Event: 3274.542 Executing VM operation: G1IncCollectionPause
Event: 3274.543 Executing VM operation: G1IncCollectionPause done
Event: 3275.474 Executing VM operation: G1IncCollectionPause
Event: 3275.475 Executing VM operation: G1IncCollectionPause done


Dynamic libraries:
0x00007ff7fe000000 - 0x00007ff7fe03e000 	C:\Program Files\Java\jre-10.0.2\bin\javaw.exe
0x00007ff8faab0000 - 0x00007ff8fac91000 	C:\WINDOWS\SYSTEM32\ntdll.dll
0x00007ff8f9280000 - 0x00007ff8f9331000 	C:\WINDOWS\System32\KERNEL32.DLL
0x00007ff8f72f0000 - 0x00007ff8f7563000 	C:\WINDOWS\System32\KERNELBASE.dll
0x00007ff8f8400000 - 0x00007ff8f84a1000 	C:\WINDOWS\System32\ADVAPI32.dll
0x00007ff8f9470000 - 0x00007ff8f950e000 	C:\WINDOWS\System32\msvcrt.dll
0x00007ff8f9090000 - 0x00007ff8f90eb000 	C:\WINDOWS\System32\sechost.dll
0x00007ff8fa950000 - 0x00007ff8faa74000 	C:\WINDOWS\System32\RPCRT4.dll
0x00007ff8f7f40000 - 0x00007ff8f80d0000 	C:\WINDOWS\System32\USER32.dll
0x00007ff8f70c0000 - 0x00007ff8f70e0000 	C:\WINDOWS\System32\win32u.dll
0x00007ff8f8fe0000 - 0x00007ff8f9008000 	C:\WINDOWS\System32\GDI32.dll
0x00007ff8f6e80000 - 0x00007ff8f7012000 	C:\WINDOWS\System32\gdi32full.dll
0x00007ff8f7020000 - 0x00007ff8f70bf000 	C:\WINDOWS\System32\msvcp_win.dll
0x00007ff8f70e0000 - 0x00007ff8f71d8000 	C:\WINDOWS\System32\ucrtbase.dll
0x00007ff8ee7e0000 - 0x00007ff8eea49000 	C:\WINDOWS\WinSxS\amd64_microsoft.windows.common-controls_6595b64144ccf1df_6.0.17134.765_none_fb42a1a930655896\COMCTL32.dll
0x00007ff8f06a0000 - 0x00007ff8f06aa000 	C:\WINDOWS\SYSTEM32\VERSION.dll
0x00007ff8f80d0000 - 0x00007ff8f83f2000 	C:\WINDOWS\System32\combase.dll
0x00007ff8f7570000 - 0x00007ff8f75ea000 	C:\WINDOWS\System32\bcryptPrimitives.dll
0x00007ff8f90f0000 - 0x00007ff8f911d000 	C:\WINDOWS\System32\IMM32.DLL
0x00007ff8c1a40000 - 0x00007ff8c1b2f000 	C:\Program Files\Java\jre-10.0.2\bin\msvcr120.dll
0x00007ff8caf80000 - 0x00007ff8cb026000 	C:\Program Files\Java\jre-10.0.2\bin\msvcp120.dll
0x0000000074350000 - 0x0000000074dc0000 	C:\Program Files\Java\jre-10.0.2\bin\server\jvm.dll
0x00007ff8f8aa0000 - 0x00007ff8f8aa8000 	C:\WINDOWS\System32\PSAPI.DLL
0x00007ff8cf6f0000 - 0x00007ff8cf6f9000 	C:\WINDOWS\SYSTEM32\WSOCK32.dll
0x00007ff8f4e60000 - 0x00007ff8f4e83000 	C:\WINDOWS\SYSTEM32\WINMM.dll
0x00007ff8f8ab0000 - 0x00007ff8f8b1c000 	C:\WINDOWS\System32\WS2_32.dll
0x00007ff8f4e30000 - 0x00007ff8f4e5a000 	C:\WINDOWS\SYSTEM32\winmmbase.dll
0x00007ff8f7ef0000 - 0x00007ff8f7f39000 	C:\WINDOWS\System32\cfgmgr32.dll
0x00007ff8ef230000 - 0x00007ff8ef23f000 	C:\Program Files\Java\jre-10.0.2\bin\verify.dll
0x00007ff8d9120000 - 0x00007ff8d92e9000 	C:\WINDOWS\SYSTEM32\DBGHELP.DLL
0x00007ff8d8d30000 - 0x00007ff8d8d59000 	C:\WINDOWS\SYSTEM32\dbgcore.DLL
0x00007ff8ed000000 - 0x00007ff8ed027000 	C:\Program Files\Java\jre-10.0.2\bin\java.dll
0x00007ff8ed540000 - 0x00007ff8ed556000 	C:\Program Files\Java\jre-10.0.2\bin\zip.dll
0x00007ff8ef220000 - 0x00007ff8ef22a000 	C:\Program Files\Java\jre-10.0.2\bin\jimage.dll
0x00007ff8f9510000 - 0x00007ff8fa950000 	C:\WINDOWS\System32\SHELL32.dll
0x00007ff8f8cc0000 - 0x00007ff8f8d69000 	C:\WINDOWS\System32\shcore.dll
0x00007ff8f77e0000 - 0x00007ff8f7eed000 	C:\WINDOWS\System32\windows.storage.dll
0x00007ff8f9410000 - 0x00007ff8f9461000 	C:\WINDOWS\System32\shlwapi.dll
0x00007ff8f6e40000 - 0x00007ff8f6e51000 	C:\WINDOWS\System32\kernel.appcore.dll
0x00007ff8f6e60000 - 0x00007ff8f6e7f000 	C:\WINDOWS\System32\profapi.dll
0x00007ff8f6df0000 - 0x00007ff8f6e3c000 	C:\WINDOWS\System32\powrprof.dll
0x00007ff8f6de0000 - 0x00007ff8f6dea000 	C:\WINDOWS\System32\FLTLIB.DLL
0x00000180d4640000 - 0x00000180d4643000 	C:\Program Files\Java\jre-10.0.2\bin\api-ms-win-core-console-l1-1-0.dll
0x00000180d4650000 - 0x00000180d4653000 	C:\Program Files\Java\jre-10.0.2\bin\api-ms-win-core-datetime-l1-1-0.dll
0x00000180d4660000 - 0x00000180d4663000 	C:\Program Files\Java\jre-10.0.2\bin\api-ms-win-core-debug-l1-1-0.dll
0x00000180d4670000 - 0x00000180d4673000 	C:\Program Files\Java\jre-10.0.2\bin\api-ms-win-core-errorhandling-l1-1-0.dll
0x00000180d4680000 - 0x00000180d4684000 	C:\Program Files\Java\jre-10.0.2\bin\api-ms-win-core-file-l1-1-0.dll
0x00000180d4690000 - 0x00000180d4693000 	C:\Program Files\Java\jre-10.0.2\bin\api-ms-win-core-file-l1-2-0.dll
0x00000180d6580000 - 0x00000180d6583000 	C:\Program Files\Java\jre-10.0.2\bin\api-ms-win-core-file-l2-1-0.dll
0x00000180d6590000 - 0x00000180d6593000 	C:\Program Files\Java\jre-10.0.2\bin\api-ms-win-core-handle-l1-1-0.dll
0x00000180d65a0000 - 0x00000180d65a3000 	C:\Program Files\Java\jre-10.0.2\bin\api-ms-win-core-heap-l1-1-0.dll
0x00000180d65b0000 - 0x00000180d65b3000 	C:\Program Files\Java\jre-10.0.2\bin\api-ms-win-core-interlocked-l1-1-0.dll
0x00000180d65c0000 - 0x00000180d65c3000 	C:\Program Files\Java\jre-10.0.2\bin\api-ms-win-core-libraryloader-l1-1-0.dll
0x00000180d65d0000 - 0x00000180d65d3000 	C:\Program Files\Java\jre-10.0.2\bin\api-ms-win-core-localization-l1-2-0.dll
0x00000180d65e0000 - 0x00000180d65e3000 	C:\Program Files\Java\jre-10.0.2\bin\api-ms-win-core-memory-l1-1-0.dll
0x00000180d65f0000 - 0x00000180d65f3000 	C:\Program Files\Java\jre-10.0.2\bin\api-ms-win-core-namedpipe-l1-1-0.dll
0x00000180d6600000 - 0x00000180d6603000 	C:\Program Files\Java\jre-10.0.2\bin\api-ms-win-core-processenvironment-l1-1-0.dll
0x00000180d6610000 - 0x00000180d6613000 	C:\Program Files\Java\jre-10.0.2\bin\api-ms-win-core-processthreads-l1-1-0.dll
0x00000180d6620000 - 0x00000180d6623000 	C:\Program Files\Java\jre-10.0.2\bin\api-ms-win-core-processthreads-l1-1-1.dll
0x00000180d6630000 - 0x00000180d6633000 	C:\Program Files\Java\jre-10.0.2\bin\api-ms-win-core-profile-l1-1-0.dll
0x00000180d6640000 - 0x00000180d6643000 	C:\Program Files\Java\jre-10.0.2\bin\api-ms-win-core-rtlsupport-l1-1-0.dll
0x00000180fadd0000 - 0x00000180fadd3000 	C:\Program Files\Java\jre-10.0.2\bin\api-ms-win-core-string-l1-1-0.dll
0x00000180fade0000 - 0x00000180fade3000 	C:\Program Files\Java\jre-10.0.2\bin\api-ms-win-core-synch-l1-1-0.dll
0x00000180fadf0000 - 0x00000180fadf3000 	C:\Program Files\Java\jre-10.0.2\bin\api-ms-win-core-synch-l1-2-0.dll
0x00000180fae00000 - 0x00000180fae03000 	C:\Program Files\Java\jre-10.0.2\bin\api-ms-win-core-sysinfo-l1-1-0.dll
0x00000180fae10000 - 0x00000180fae13000 	C:\Program Files\Java\jre-10.0.2\bin\api-ms-win-core-timezone-l1-1-0.dll
0x00000180fae20000 - 0x00000180fae23000 	C:\Program Files\Java\jre-10.0.2\bin\api-ms-win-core-util-l1-1-0.dll
0x00000180fae30000 - 0x00000180fae33000 	C:\Program Files\Java\jre-10.0.2\bin\api-ms-win-crt-conio-l1-1-0.dll
0x00000180fae40000 - 0x00000180fae44000 	C:\Program Files\Java\jre-10.0.2\bin\api-ms-win-crt-convert-l1-1-0.dll
0x00000180fae50000 - 0x00000180fae53000 	C:\Program Files\Java\jre-10.0.2\bin\api-ms-win-crt-environment-l1-1-0.dll
0x00000180fae60000 - 0x00000180fae63000 	C:\Program Files\Java\jre-10.0.2\bin\api-ms-win-crt-filesystem-l1-1-0.dll
0x00000180fae70000 - 0x00000180fae73000 	C:\Program Files\Java\jre-10.0.2\bin\api-ms-win-crt-heap-l1-1-0.dll
0x00000180fae80000 - 0x00000180fae83000 	C:\Program Files\Java\jre-10.0.2\bin\api-ms-win-crt-locale-l1-1-0.dll
0x00000180fae90000 - 0x00000180fae95000 	C:\Program Files\Java\jre-10.0.2\bin\api-ms-win-crt-math-l1-1-0.dll
0x00000180faea0000 - 0x00000180faea5000 	C:\Program Files\Java\jre-10.0.2\bin\api-ms-win-crt-multibyte-l1-1-0.dll
0x00000180faeb0000 - 0x00000180faec0000 	C:\Program Files\Java\jre-10.0.2\bin\api-ms-win-crt-private-l1-1-0.dll
0x00000180faec0000 - 0x00000180faec3000 	C:\Program Files\Java\jre-10.0.2\bin\api-ms-win-crt-process-l1-1-0.dll
0x00000180faed0000 - 0x00000180faed4000 	C:\Program Files\Java\jre-10.0.2\bin\api-ms-win-crt-runtime-l1-1-0.dll
0x00000180faee0000 - 0x00000180faee4000 	C:\Program Files\Java\jre-10.0.2\bin\api-ms-win-crt-stdio-l1-1-0.dll
0x00000180faef0000 - 0x00000180faef4000 	C:\Program Files\Java\jre-10.0.2\bin\api-ms-win-crt-string-l1-1-0.dll
0x00000180faf00000 - 0x00000180faf03000 	C:\Program Files\Java\jre-10.0.2\bin\api-ms-win-crt-time-l1-1-0.dll
0x00000180faf10000 - 0x00000180faf13000 	C:\Program Files\Java\jre-10.0.2\bin\api-ms-win-crt-utility-l1-1-0.dll
0x00007ff8c17b0000 - 0x00007ff8c18a6000 	C:\Program Files\Java\jre-10.0.2\bin\ucrtbase.dll
0x00007ff8ef500000 - 0x00007ff8ef516000 	C:\Program Files\Java\jre-10.0.2\bin\vcruntime140.dll
0x00007ff8c1120000 - 0x00007ff8c11bc000 	C:\Program Files\Java\jre-10.0.2\bin\msvcp140.dll
0x00007ff8e56e0000 - 0x00007ff8e5731000 	C:\Program Files\Java\jre-10.0.2\bin\concrt140.dll
0x00007ff8ef240000 - 0x00007ff8ef263000 	C:\Program Files\Java\jre-10.0.2\bin\prism_d3d.dll
0x00007ff8ef320000 - 0x00007ff8ef4b7000 	C:\WINDOWS\system32\d3d9.dll
0x00007ff8f5480000 - 0x00007ff8f54a9000 	C:\WINDOWS\SYSTEM32\dwmapi.dll
0x00007ff8f51a0000 - 0x00007ff8f5238000 	C:\WINDOWS\system32\uxtheme.dll
0x00007ff8ee510000 - 0x00007ff8ee5fe000 	C:\WINDOWS\System32\DriverStore\FileRepository\nvmii.inf_amd64_b9b91ef48989f9cb\nvldumdx.dll
0x00007ff8f75f0000 - 0x00007ff8f77d2000 	C:\WINDOWS\System32\crypt32.dll
0x00007ff8f6dc0000 - 0x00007ff8f6dd2000 	C:\WINDOWS\System32\MSASN1.dll
0x00007ff8f71e0000 - 0x00007ff8f7237000 	C:\WINDOWS\System32\WINTRUST.DLL
0x00007ff8f93f0000 - 0x00007ff8f940d000 	C:\WINDOWS\System32\imagehlp.dll
0x00007ff8f67f0000 - 0x00007ff8f6807000 	C:\WINDOWS\SYSTEM32\CRYPTSP.dll
0x00007ff8f6220000 - 0x00007ff8f6253000 	C:\WINDOWS\system32\rsaenh.dll
0x00007ff8f6920000 - 0x00007ff8f6945000 	C:\WINDOWS\SYSTEM32\bcrypt.dll
0x00007ff8f6810000 - 0x00007ff8f681b000 	C:\WINDOWS\SYSTEM32\CRYPTBASE.dll
0x00007ff8a8220000 - 0x00007ff8a95e0000 	C:\WINDOWS\System32\DriverStore\FileRepository\nvmii.inf_amd64_b9b91ef48989f9cb\nvd3dumx.dll
0x00007ff8ba140000 - 0x00007ff8ba3b2000 	C:\WINDOWS\System32\DriverStore\FileRepository\igdlh64.inf_amd64_24de78387e6208e4\igdumdim64.dll
0x00007ff8a4d20000 - 0x00007ff8a8217000 	C:\WINDOWS\System32\DriverStore\FileRepository\igdlh64.inf_amd64_24de78387e6208e4\igd9dxva64.dll
0x00007ff8f9120000 - 0x00007ff8f9271000 	C:\WINDOWS\System32\ole32.dll
0x00007ff8f89d0000 - 0x00007ff8f8a92000 	C:\WINDOWS\System32\OLEAUT32.dll
0x00007ff8e0ad0000 - 0x00007ff8e0b1a000 	C:\Program Files\Java\jre-10.0.2\bin\glass.dll
0x00007ff8f8ef0000 - 0x00007ff8f8fdd000 	C:\WINDOWS\System32\COMDLG32.dll
0x00007ff8f8d70000 - 0x00007ff8f8ee3000 	C:\WINDOWS\System32\MSCTF.dll
0x00007ff8f17d0000 - 0x00007ff8f1894000 	C:\Program Files (x86)\NVIDIA Corporation\3D Vision\nvSCPAPI64.dll
0x00007ff8f8580000 - 0x00007ff8f89cb000 	C:\WINDOWS\System32\SETUPAPI.dll
0x00007ff8b0b00000 - 0x00007ff8b0dae000 	C:\WINDOWS\system32\nvspcap64.dll
0x00007ff8f5eb0000 - 0x00007ff8f5ee1000 	C:\WINDOWS\SYSTEM32\ntmarta.dll
0x00007ff8f5a20000 - 0x00007ff8f5a42000 	C:\WINDOWS\SYSTEM32\gpapi.dll
0x00007ff8efa70000 - 0x00007ff8efa9e000 	C:\WINDOWS\SYSTEM32\cryptnet.dll
0x00007ff8ef4c0000 - 0x00007ff8ef4d4000 	C:\Program Files\Java\jre-10.0.2\bin\javafx_font.dll
0x00007ff8b9fa0000 - 0x00007ff8ba13b000 	C:\Program Files\Java\jre-10.0.2\bin\awt.dll
0x00007ff8f42a0000 - 0x00007ff8f4867000 	C:\WINDOWS\SYSTEM32\d2d1.dll
0x00007ff8f5070000 - 0x00007ff8f50fb000 	C:\WINDOWS\SYSTEM32\apphelp.dll
0x00007ff8d77c0000 - 0x00007ff8d7825000 	C:\Program Files\Java\jre-10.0.2\bin\fontmanager.dll
0x00007ff8e1210000 - 0x00007ff8e122a000 	C:\Program Files\Java\jre-10.0.2\bin\net.dll
0x00007ff8ef780000 - 0x00007ff8ef85d000 	C:\WINDOWS\SYSTEM32\WINHTTP.dll
0x00007ff8f6640000 - 0x00007ff8f66a6000 	C:\WINDOWS\system32\mswsock.dll
0x00007ff8e11f0000 - 0x00007ff8e1201000 	C:\Program Files\Java\jre-10.0.2\bin\nio.dll
0x00007ff8f6400000 - 0x00007ff8f64be000 	C:\WINDOWS\SYSTEM32\DNSAPI.dll
0x00007ff8f8510000 - 0x00007ff8f8518000 	C:\WINDOWS\System32\NSI.dll
0x00007ff8f63c0000 - 0x00007ff8f63f8000 	C:\WINDOWS\SYSTEM32\IPHLPAPI.DLL
0x00007ff8f0680000 - 0x00007ff8f068a000 	C:\Windows\System32\rasadhlp.dll
0x00007ff8f06f0000 - 0x00007ff8f0762000 	C:\WINDOWS\System32\fwpuclnt.dll
0x00007ff8dc630000 - 0x00007ff8dc94c000 	C:\WINDOWS\SYSTEM32\dwrite.dll

dbghelp: loaded successfully - version: 4.0.5 - missing functions: none
symbol engine: initialized successfully - sym options: 0x614 - pdb path: .;C:\Program Files\Java\jre-10.0.2\bin;C:\WINDOWS\SYSTEM32;C:\WINDOWS\WinSxS\amd64_microsoft.windows.common-controls_6595b64144ccf1df_6.0.17134.765_none_fb42a1a930655896;C:\Program Files\Java\jre-10.0.2\bin\server;C:\WINDOWS\System32\DriverStore\FileRepository\nvmii.inf_amd64_b9b91ef48989f9cb;C:\WINDOWS\System32\DriverStore\FileRepository\igdlh64.inf_amd64_24de78387e6208e4;C:\Program Files (x86)\NVIDIA Corporation\3D Vision;C:\Program Files\Common Files\Microsoft Shared\Ink

VM Arguments:
jvm_args: -Dfile.encoding=Cp1252 
java_command: main.Main
java_class_path (initial): C:\Users\user\git\SagradaH\bin;C:\Users\user\Documents\mysql-connector-java-8.0.16\mysql-connector-java-8.0.16.jar
Launcher Type: SUN_STANDARD

Logging:
Log output configuration:
#0: stdout all=warning uptime,level,tags
#1: stderr all=off uptime,level,tags

Environment Variables:
PATH=C:\Program Files (x86)\Common Files\Oracle\Java\javapath;C:\Program Files (x86)\Intel\Intel(R) Management Engine Components\iCLS\;C:\Program Files\Intel\Intel(R) Management Engine Components\iCLS\;C:\Windows\system32;C:\Windows;C:\Windows\System32\Wbem;C:\Windows\System32\WindowsPowerShell\v1.0\;C:\Program Files (x86)\NVIDIA Corporation\PhysX\Common;C:\Program Files\Intel\WiFi\bin\;C:\Program Files\Common Files\Intel\WirelessCommon\;C:\Program Files (x86)\Intel\Intel(R) Management Engine Components\DAL;C:\Program Files\Intel\Intel(R) Management Engine Components\DAL;C:\Program Files (x86)\Intel\Intel(R) Management Engine Components\IPT;C:\Program Files\Intel\Intel(R) Management Engine Components\IPT;C:\Program Files\Java\jdk-11.0.2\bin;C:\WINDOWS\system32;C:\WINDOWS;C:\WINDOWS\System32\Wbem;C:\WINDOWS\System32\WindowsPowerShell\v1.0\;C:\WINDOWS\System32\OpenSSH\;C:\Program Files\NVIDIA Corporation\NVIDIA NvDLISR;C:\Program Files\Git\cmd;C:\Users\user\AppData\Local\Microsoft\WindowsApps;;C:\Users\user\AppData\Local\Programs\Microsoft VS Code\bin
USERNAME=user
OS=Windows_NT
PROCESSOR_IDENTIFIER=Intel64 Family 6 Model 158 Stepping 10, GenuineIntel



---------------  S Y S T E M  ---------------

OS: Windows 10 , 64 bit Build 17134 (10.0.17134.753)

CPU:total 12 (initial active 12) (6 cores per cpu, 2 threads per core) family 6 model 158 stepping 10, cmov, cx8, fxsr, mmx, sse, sse2, sse3, ssse3, sse4.1, sse4.2, popcnt, avx, avx2, aes, clmul, erms, 3dnowpref, lzcnt, ht, tsc, tscinvbit, bmi1, bmi2, adx, fma

Memory: 4k page, physical 16620252k(9031552k free), swap 19110620k(7080656k free)

vm_info: Java HotSpot(TM) 64-Bit Server VM (10.0.2+13) for windows-amd64 JRE (10.0.2+13), built on Jun 28 2018 01:57:56 by "mach5one" with MS VC++ 12.0 (VS2013)

END.
